{"C:\\Users\\matia\\OneDrive\\Escritorio\\proyectoIntegradorProcesos\\backenMini-Core\\Src\\Controller\\user.controller.js": {"path":"C:\\Users\\matia\\OneDrive\\Escritorio\\proyectoIntegradorProcesos\\backenMini-Core\\Src\\Controller\\user.controller.js","statementMap":{"0":{"start":{"line":7,"column":30},"end":{"line":29,"column":1}},"1":{"start":{"line":8,"column":4},"end":{"line":28,"column":5}},"2":{"start":{"line":9,"column":161},"end":{"line":9,"column":169}},"3":{"start":{"line":10,"column":28},"end":{"line":23,"column":10}},"4":{"start":{"line":24,"column":8},"end":{"line":24,"column":33}},"5":{"start":{"line":25,"column":8},"end":{"line":25,"column":74}},"6":{"start":{"line":27,"column":8},"end":{"line":27,"column":20}},"7":{"start":{"line":32,"column":29},"end":{"line":39,"column":1}},"8":{"start":{"line":33,"column":4},"end":{"line":38,"column":5}},"9":{"start":{"line":34,"column":26},"end":{"line":34,"column":47}},"10":{"start":{"line":35,"column":8},"end":{"line":35,"column":25}},"11":{"start":{"line":37,"column":8},"end":{"line":37,"column":20}},"12":{"start":{"line":42,"column":28},"end":{"line":49,"column":1}},"13":{"start":{"line":43,"column":4},"end":{"line":48,"column":5}},"14":{"start":{"line":44,"column":26},"end":{"line":44,"column":47}},"15":{"start":{"line":45,"column":8},"end":{"line":45,"column":40}},"16":{"start":{"line":47,"column":8},"end":{"line":47,"column":57}},"17":{"start":{"line":52,"column":34},"end":{"line":91,"column":1}},"18":{"start":{"line":53,"column":4},"end":{"line":90,"column":5}},"19":{"start":{"line":54,"column":27},"end":{"line":54,"column":40}},"20":{"start":{"line":55,"column":32},"end":{"line":55,"column":40}},"21":{"start":{"line":58,"column":8},"end":{"line":63,"column":9}},"22":{"start":{"line":59,"column":43},"end":{"line":59,"column":101}},"23":{"start":{"line":60,"column":12},"end":{"line":62,"column":13}},"24":{"start":{"line":61,"column":16},"end":{"line":61,"column":85}},"25":{"start":{"line":66,"column":8},"end":{"line":71,"column":9}},"26":{"start":{"line":67,"column":42},"end":{"line":67,"column":98}},"27":{"start":{"line":68,"column":12},"end":{"line":70,"column":13}},"28":{"start":{"line":69,"column":16},"end":{"line":69,"column":84}},"29":{"start":{"line":74,"column":8},"end":{"line":76,"column":9}},"30":{"start":{"line":75,"column":12},"end":{"line":75,"column":135}},"31":{"start":{"line":78,"column":8},"end":{"line":80,"column":9}},"32":{"start":{"line":79,"column":12},"end":{"line":79,"column":135}},"33":{"start":{"line":82,"column":25},"end":{"line":82,"column":101}},"34":{"start":{"line":83,"column":8},"end":{"line":85,"column":9}},"35":{"start":{"line":84,"column":12},"end":{"line":84,"column":79}},"36":{"start":{"line":86,"column":8},"end":{"line":86,"column":39}},"37":{"start":{"line":88,"column":8},"end":{"line":88,"column":61}},"38":{"start":{"line":89,"column":8},"end":{"line":89,"column":63}},"39":{"start":{"line":94,"column":50},"end":{"line":116,"column":1}},"40":{"start":{"line":95,"column":4},"end":{"line":115,"column":5}},"41":{"start":{"line":96,"column":27},"end":{"line":96,"column":40}},"42":{"start":{"line":97,"column":32},"end":{"line":97,"column":40}},"43":{"start":{"line":100,"column":8},"end":{"line":102,"column":9}},"44":{"start":{"line":101,"column":12},"end":{"line":101,"column":135}},"45":{"start":{"line":104,"column":8},"end":{"line":106,"column":9}},"46":{"start":{"line":105,"column":12},"end":{"line":105,"column":135}},"47":{"start":{"line":108,"column":25},"end":{"line":108,"column":101}},"48":{"start":{"line":109,"column":8},"end":{"line":111,"column":9}},"49":{"start":{"line":110,"column":12},"end":{"line":110,"column":79}},"50":{"start":{"line":112,"column":8},"end":{"line":112,"column":39}},"51":{"start":{"line":114,"column":8},"end":{"line":114,"column":57}},"52":{"start":{"line":119,"column":52},"end":{"line":137,"column":1}},"53":{"start":{"line":120,"column":4},"end":{"line":136,"column":5}},"54":{"start":{"line":121,"column":27},"end":{"line":121,"column":40}},"55":{"start":{"line":122,"column":32},"end":{"line":122,"column":40}},"56":{"start":{"line":125,"column":8},"end":{"line":127,"column":9}},"57":{"start":{"line":126,"column":12},"end":{"line":126,"column":171}},"58":{"start":{"line":129,"column":25},"end":{"line":129,"column":101}},"59":{"start":{"line":130,"column":8},"end":{"line":132,"column":9}},"60":{"start":{"line":131,"column":12},"end":{"line":131,"column":79}},"61":{"start":{"line":133,"column":8},"end":{"line":133,"column":39}},"62":{"start":{"line":135,"column":8},"end":{"line":135,"column":57}},"63":{"start":{"line":140,"column":38},"end":{"line":148,"column":1}},"64":{"start":{"line":141,"column":4},"end":{"line":147,"column":5}},"65":{"start":{"line":142,"column":25},"end":{"line":142,"column":38}},"66":{"start":{"line":143,"column":26},"end":{"line":143,"column":70}},"67":{"start":{"line":144,"column":8},"end":{"line":144,"column":40}},"68":{"start":{"line":146,"column":8},"end":{"line":146,"column":57}},"69":{"start":{"line":151,"column":42},"end":{"line":164,"column":1}},"70":{"start":{"line":152,"column":4},"end":{"line":163,"column":5}},"71":{"start":{"line":153,"column":27},"end":{"line":153,"column":40}},"72":{"start":{"line":154,"column":25},"end":{"line":154,"column":60}},"73":{"start":{"line":156,"column":8},"end":{"line":158,"column":9}},"74":{"start":{"line":157,"column":12},"end":{"line":157,"column":54}},"75":{"start":{"line":159,"column":8},"end":{"line":159,"column":24}},"76":{"start":{"line":162,"column":8},"end":{"line":162,"column":20}},"77":{"start":{"line":167,"column":31},"end":{"line":180,"column":1}},"78":{"start":{"line":168,"column":4},"end":{"line":179,"column":5}},"79":{"start":{"line":169,"column":27},"end":{"line":169,"column":40}},"80":{"start":{"line":170,"column":25},"end":{"line":170,"column":60}},"81":{"start":{"line":172,"column":8},"end":{"line":174,"column":9}},"82":{"start":{"line":173,"column":12},"end":{"line":173,"column":54}},"83":{"start":{"line":175,"column":8},"end":{"line":175,"column":39}},"84":{"start":{"line":178,"column":8},"end":{"line":178,"column":20}},"85":{"start":{"line":183,"column":34},"end":{"line":194,"column":1}},"86":{"start":{"line":184,"column":4},"end":{"line":193,"column":5}},"87":{"start":{"line":185,"column":23},"end":{"line":185,"column":38}},"88":{"start":{"line":186,"column":25},"end":{"line":186,"column":76}},"89":{"start":{"line":187,"column":8},"end":{"line":189,"column":9}},"90":{"start":{"line":188,"column":12},"end":{"line":188,"column":79}},"91":{"start":{"line":190,"column":8},"end":{"line":190,"column":77}},"92":{"start":{"line":192,"column":8},"end":{"line":192,"column":57}},"93":{"start":{"line":197,"column":36},"end":{"line":220,"column":1}},"94":{"start":{"line":198,"column":4},"end":{"line":219,"column":5}},"95":{"start":{"line":199,"column":72},"end":{"line":199,"column":80}},"96":{"start":{"line":201,"column":26},"end":{"line":201,"column":47}},"97":{"start":{"line":203,"column":31},"end":{"line":203,"column":52}},"98":{"start":{"line":204,"column":28},"end":{"line":204,"column":46}},"99":{"start":{"line":206,"column":35},"end":{"line":214,"column":10}},"100":{"start":{"line":207,"column":34},"end":{"line":207,"column":58}},"101":{"start":{"line":208,"column":12},"end":{"line":213,"column":14}},"102":{"start":{"line":216,"column":8},"end":{"line":216,"column":49}},"103":{"start":{"line":218,"column":8},"end":{"line":218,"column":57}}},"fnMap":{"0":{"name":"(anonymous_0)","decl":{"start":{"line":7,"column":30},"end":{"line":7,"column":31}},"loc":{"start":{"line":7,"column":50},"end":{"line":29,"column":1}},"line":7},"1":{"name":"(anonymous_1)","decl":{"start":{"line":32,"column":29},"end":{"line":32,"column":30}},"loc":{"start":{"line":32,"column":41},"end":{"line":39,"column":1}},"line":32},"2":{"name":"(anonymous_2)","decl":{"start":{"line":42,"column":28},"end":{"line":42,"column":29}},"loc":{"start":{"line":42,"column":48},"end":{"line":49,"column":1}},"line":42},"3":{"name":"(anonymous_3)","decl":{"start":{"line":52,"column":34},"end":{"line":52,"column":35}},"loc":{"start":{"line":52,"column":54},"end":{"line":91,"column":1}},"line":52},"4":{"name":"(anonymous_4)","decl":{"start":{"line":94,"column":50},"end":{"line":94,"column":51}},"loc":{"start":{"line":94,"column":70},"end":{"line":116,"column":1}},"line":94},"5":{"name":"(anonymous_5)","decl":{"start":{"line":119,"column":52},"end":{"line":119,"column":53}},"loc":{"start":{"line":119,"column":72},"end":{"line":137,"column":1}},"line":119},"6":{"name":"(anonymous_6)","decl":{"start":{"line":140,"column":38},"end":{"line":140,"column":39}},"loc":{"start":{"line":140,"column":58},"end":{"line":148,"column":1}},"line":140},"7":{"name":"(anonymous_7)","decl":{"start":{"line":151,"column":42},"end":{"line":151,"column":43}},"loc":{"start":{"line":151,"column":62},"end":{"line":164,"column":1}},"line":151},"8":{"name":"(anonymous_8)","decl":{"start":{"line":167,"column":31},"end":{"line":167,"column":32}},"loc":{"start":{"line":167,"column":51},"end":{"line":180,"column":1}},"line":167},"9":{"name":"(anonymous_9)","decl":{"start":{"line":183,"column":34},"end":{"line":183,"column":35}},"loc":{"start":{"line":183,"column":54},"end":{"line":194,"column":1}},"line":183},"10":{"name":"(anonymous_10)","decl":{"start":{"line":197,"column":36},"end":{"line":197,"column":37}},"loc":{"start":{"line":197,"column":56},"end":{"line":220,"column":1}},"line":197},"11":{"name":"(anonymous_11)","decl":{"start":{"line":206,"column":52},"end":{"line":206,"column":53}},"loc":{"start":{"line":206,"column":64},"end":{"line":214,"column":9}},"line":206}},"branchMap":{"0":{"loc":{"start":{"line":19,"column":22},"end":{"line":19,"column":61}},"type":"cond-expr","locations":[{"start":{"line":19,"column":48},"end":{"line":19,"column":56}},{"start":{"line":19,"column":59},"end":{"line":19,"column":61}}],"line":19},"1":{"loc":{"start":{"line":20,"column":22},"end":{"line":20,"column":61}},"type":"cond-expr","locations":[{"start":{"line":20,"column":48},"end":{"line":20,"column":56}},{"start":{"line":20,"column":59},"end":{"line":20,"column":61}}],"line":20},"2":{"loc":{"start":{"line":21,"column":25},"end":{"line":21,"column":42}},"type":"binary-expr","locations":[{"start":{"line":21,"column":25},"end":{"line":21,"column":36}},{"start":{"line":21,"column":40},"end":{"line":21,"column":42}}],"line":21},"3":{"loc":{"start":{"line":22,"column":31},"end":{"line":22,"column":54}},"type":"binary-expr","locations":[{"start":{"line":22,"column":31},"end":{"line":22,"column":48}},{"start":{"line":22,"column":52},"end":{"line":22,"column":54}}],"line":22},"4":{"loc":{"start":{"line":58,"column":8},"end":{"line":63,"column":9}},"type":"if","locations":[{"start":{"line":58,"column":8},"end":{"line":63,"column":9}},{"start":{},"end":{}}],"line":58},"5":{"loc":{"start":{"line":60,"column":12},"end":{"line":62,"column":13}},"type":"if","locations":[{"start":{"line":60,"column":12},"end":{"line":62,"column":13}},{"start":{},"end":{}}],"line":60},"6":{"loc":{"start":{"line":60,"column":16},"end":{"line":60,"column":94}},"type":"binary-expr","locations":[{"start":{"line":60,"column":16},"end":{"line":60,"column":38}},{"start":{"line":60,"column":42},"end":{"line":60,"column":94}}],"line":60},"7":{"loc":{"start":{"line":66,"column":8},"end":{"line":71,"column":9}},"type":"if","locations":[{"start":{"line":66,"column":8},"end":{"line":71,"column":9}},{"start":{},"end":{}}],"line":66},"8":{"loc":{"start":{"line":68,"column":12},"end":{"line":70,"column":13}},"type":"if","locations":[{"start":{"line":68,"column":12},"end":{"line":70,"column":13}},{"start":{},"end":{}}],"line":68},"9":{"loc":{"start":{"line":68,"column":16},"end":{"line":68,"column":92}},"type":"binary-expr","locations":[{"start":{"line":68,"column":16},"end":{"line":68,"column":37}},{"start":{"line":68,"column":41},"end":{"line":68,"column":92}}],"line":68},"10":{"loc":{"start":{"line":74,"column":8},"end":{"line":76,"column":9}},"type":"if","locations":[{"start":{"line":74,"column":8},"end":{"line":76,"column":9}},{"start":{},"end":{}}],"line":74},"11":{"loc":{"start":{"line":75,"column":39},"end":{"line":75,"column":134}},"type":"cond-expr","locations":[{"start":{"line":75,"column":81},"end":{"line":75,"column":105}},{"start":{"line":75,"column":108},"end":{"line":75,"column":134}}],"line":75},"12":{"loc":{"start":{"line":78,"column":8},"end":{"line":80,"column":9}},"type":"if","locations":[{"start":{"line":78,"column":8},"end":{"line":80,"column":9}},{"start":{},"end":{}}],"line":78},"13":{"loc":{"start":{"line":79,"column":39},"end":{"line":79,"column":134}},"type":"cond-expr","locations":[{"start":{"line":79,"column":81},"end":{"line":79,"column":105}},{"start":{"line":79,"column":108},"end":{"line":79,"column":134}}],"line":79},"14":{"loc":{"start":{"line":83,"column":8},"end":{"line":85,"column":9}},"type":"if","locations":[{"start":{"line":83,"column":8},"end":{"line":85,"column":9}},{"start":{},"end":{}}],"line":83},"15":{"loc":{"start":{"line":100,"column":8},"end":{"line":102,"column":9}},"type":"if","locations":[{"start":{"line":100,"column":8},"end":{"line":102,"column":9}},{"start":{},"end":{}}],"line":100},"16":{"loc":{"start":{"line":101,"column":39},"end":{"line":101,"column":134}},"type":"cond-expr","locations":[{"start":{"line":101,"column":81},"end":{"line":101,"column":105}},{"start":{"line":101,"column":108},"end":{"line":101,"column":134}}],"line":101},"17":{"loc":{"start":{"line":104,"column":8},"end":{"line":106,"column":9}},"type":"if","locations":[{"start":{"line":104,"column":8},"end":{"line":106,"column":9}},{"start":{},"end":{}}],"line":104},"18":{"loc":{"start":{"line":105,"column":39},"end":{"line":105,"column":134}},"type":"cond-expr","locations":[{"start":{"line":105,"column":81},"end":{"line":105,"column":105}},{"start":{"line":105,"column":108},"end":{"line":105,"column":134}}],"line":105},"19":{"loc":{"start":{"line":109,"column":8},"end":{"line":111,"column":9}},"type":"if","locations":[{"start":{"line":109,"column":8},"end":{"line":111,"column":9}},{"start":{},"end":{}}],"line":109},"20":{"loc":{"start":{"line":125,"column":8},"end":{"line":127,"column":9}},"type":"if","locations":[{"start":{"line":125,"column":8},"end":{"line":127,"column":9}},{"start":{},"end":{}}],"line":125},"21":{"loc":{"start":{"line":126,"column":48},"end":{"line":126,"column":170}},"type":"cond-expr","locations":[{"start":{"line":126,"column":99},"end":{"line":126,"column":132}},{"start":{"line":126,"column":135},"end":{"line":126,"column":170}}],"line":126},"22":{"loc":{"start":{"line":130,"column":8},"end":{"line":132,"column":9}},"type":"if","locations":[{"start":{"line":130,"column":8},"end":{"line":132,"column":9}},{"start":{},"end":{}}],"line":130},"23":{"loc":{"start":{"line":156,"column":8},"end":{"line":158,"column":9}},"type":"if","locations":[{"start":{"line":156,"column":8},"end":{"line":158,"column":9}},{"start":{},"end":{}}],"line":156},"24":{"loc":{"start":{"line":172,"column":8},"end":{"line":174,"column":9}},"type":"if","locations":[{"start":{"line":172,"column":8},"end":{"line":174,"column":9}},{"start":{},"end":{}}],"line":172},"25":{"loc":{"start":{"line":187,"column":8},"end":{"line":189,"column":9}},"type":"if","locations":[{"start":{"line":187,"column":8},"end":{"line":189,"column":9}},{"start":{},"end":{}}],"line":187},"26":{"loc":{"start":{"line":209,"column":16},"end":{"line":212,"column":64}},"type":"binary-expr","locations":[{"start":{"line":209,"column":16},"end":{"line":209,"column":47}},{"start":{"line":210,"column":16},"end":{"line":210,"column":44}},{"start":{"line":211,"column":16},"end":{"line":211,"column":64}},{"start":{"line":212,"column":16},"end":{"line":212,"column":64}}],"line":209}},"s":{"0":1,"1":3,"2":3,"3":3,"4":3,"5":2,"6":1,"7":1,"8":2,"9":2,"10":1,"11":1,"12":1,"13":2,"14":2,"15":1,"16":1,"17":1,"18":6,"19":6,"20":6,"21":6,"22":4,"23":4,"24":1,"25":5,"26":3,"27":3,"28":1,"29":4,"30":3,"31":4,"32":3,"33":4,"34":4,"35":1,"36":3,"37":0,"38":0,"39":1,"40":3,"41":3,"42":3,"43":3,"44":3,"45":3,"46":2,"47":3,"48":3,"49":1,"50":2,"51":0,"52":1,"53":3,"54":3,"55":3,"56":3,"57":3,"58":3,"59":3,"60":1,"61":2,"62":0,"63":1,"64":2,"65":2,"66":2,"67":1,"68":1,"69":1,"70":2,"71":2,"72":2,"73":2,"74":1,"75":1,"76":1,"77":1,"78":2,"79":2,"80":2,"81":2,"82":1,"83":1,"84":1,"85":1,"86":2,"87":2,"88":2,"89":2,"90":1,"91":1,"92":0,"93":1,"94":0,"95":0,"96":0,"97":0,"98":0,"99":0,"100":0,"101":0,"102":0,"103":0},"f":{"0":3,"1":2,"2":2,"3":6,"4":3,"5":3,"6":2,"7":2,"8":2,"9":2,"10":0,"11":0},"b":{"0":[1,2],"1":[1,2],"2":[3,2],"3":[3,2],"4":[4,2],"5":[1,3],"6":[4,2],"7":[3,2],"8":[1,2],"9":[3,2],"10":[3,1],"11":[1,2],"12":[3,1],"13":[1,2],"14":[1,3],"15":[3,0],"16":[2,1],"17":[2,1],"18":[1,1],"19":[1,2],"20":[3,0],"21":[2,1],"22":[1,2],"23":[1,1],"24":[1,1],"25":[1,1],"26":[0,0,0,0]},"_coverageSchema":"1a1c01bbd47fc00a2c39e90264f33305004495a9","hash":"8441e1dee46da8079d04d5ae32f58ce17c498bda"}
,"C:\\Users\\matia\\OneDrive\\Escritorio\\proyectoIntegradorProcesos\\backenMini-Core\\Src\\Model\\user.model.js": {"path":"C:\\Users\\matia\\OneDrive\\Escritorio\\proyectoIntegradorProcesos\\backenMini-Core\\Src\\Model\\user.model.js","statementMap":{"0":{"start":{"line":2,"column":19},"end":{"line":8,"column":1}},"1":{"start":{"line":3,"column":14},"end":{"line":3,"column":28}},"2":{"start":{"line":4,"column":17},"end":{"line":4,"column":32}},"3":{"start":{"line":5,"column":18},"end":{"line":5,"column":59}},"4":{"start":{"line":6,"column":16},"end":{"line":6,"column":52}},"5":{"start":{"line":7,"column":4},"end":{"line":7,"column":37}},"6":{"start":{"line":10,"column":23},"end":{"line":66,"column":2}},"7":{"start":{"line":63,"column":23},"end":{"line":63,"column":45}}},"fnMap":{"0":{"name":"(anonymous_0)","decl":{"start":{"line":2,"column":19},"end":{"line":2,"column":20}},"loc":{"start":{"line":2,"column":29},"end":{"line":8,"column":1}},"line":2},"1":{"name":"(anonymous_1)","decl":{"start":{"line":63,"column":17},"end":{"line":63,"column":18}},"loc":{"start":{"line":63,"column":23},"end":{"line":63,"column":45}},"line":63}},"branchMap":{},"s":{"0":1,"1":0,"2":0,"3":0,"4":0,"5":0,"6":1,"7":0},"f":{"0":0,"1":0},"b":{},"_coverageSchema":"1a1c01bbd47fc00a2c39e90264f33305004495a9","hash":"e937c12488a1f8c8eacaea54edeb61313705c9bb"}
}
