{"C:\\Users\\matia\\OneDrive\\Escritorio\\proyectoIntegradorProcesos\\backenMini-Core\\Src\\config.js": {"path":"C:\\Users\\matia\\OneDrive\\Escritorio\\proyectoIntegradorProcesos\\backenMini-Core\\Src\\config.js","statementMap":{"0":{"start":{"line":1,"column":28},"end":{"line":1,"column":45}}},"fnMap":{},"branchMap":{},"s":{"0":2},"f":{},"b":{},"_coverageSchema":"1a1c01bbd47fc00a2c39e90264f33305004495a9","hash":"5fc6b428adb7173dd4894c99205d1fa07d769e0b"}
,"C:\\Users\\matia\\OneDrive\\Escritorio\\proyectoIntegradorProcesos\\backenMini-Core\\Src\\Controller\\Recetas.diagnostico.js": {"path":"C:\\Users\\matia\\OneDrive\\Escritorio\\proyectoIntegradorProcesos\\backenMini-Core\\Src\\Controller\\Recetas.diagnostico.js","statementMap":{"0":{"start":{"line":5,"column":21},"end":{"line":180,"column":1}},"1":{"start":{"line":183,"column":29},"end":{"line":197,"column":1}},"2":{"start":{"line":184,"column":40},"end":{"line":184,"column":95}},"3":{"start":{"line":184,"column":72},"end":{"line":184,"column":94}},"4":{"start":{"line":185,"column":42},"end":{"line":185,"column":104}},"5":{"start":{"line":185,"column":76},"end":{"line":185,"column":103}},"6":{"start":{"line":187,"column":24},"end":{"line":187,"column":25}},"7":{"start":{"line":189,"column":4},"end":{"line":193,"column":7}},"8":{"start":{"line":190,"column":8},"end":{"line":192,"column":9}},"9":{"start":{"line":191,"column":12},"end":{"line":191,"column":28}},"10":{"start":{"line":195,"column":35},"end":{"line":195,"column":95}},"11":{"start":{"line":196,"column":4},"end":{"line":196,"column":34}},"12":{"start":{"line":200,"column":25},"end":{"line":213,"column":1}},"13":{"start":{"line":201,"column":34},"end":{"line":201,"column":76}},"14":{"start":{"line":201,"column":60},"end":{"line":201,"column":75}},"15":{"start":{"line":202,"column":40},"end":{"line":202,"column":95}},"16":{"start":{"line":202,"column":72},"end":{"line":202,"column":94}},"17":{"start":{"line":204,"column":24},"end":{"line":204,"column":26}},"18":{"start":{"line":206,"column":4},"end":{"line":210,"column":7}},"19":{"start":{"line":207,"column":8},"end":{"line":209,"column":9}},"20":{"start":{"line":208,"column":12},"end":{"line":208,"column":40}},"21":{"start":{"line":212,"column":4},"end":{"line":212,"column":36}},"22":{"start":{"line":216,"column":34},"end":{"line":267,"column":1}},"23":{"start":{"line":217,"column":4},"end":{"line":266,"column":5}},"24":{"start":{"line":218,"column":27},"end":{"line":218,"column":40}},"25":{"start":{"line":219,"column":25},"end":{"line":219,"column":89}},"26":{"start":{"line":221,"column":8},"end":{"line":223,"column":9}},"27":{"start":{"line":222,"column":12},"end":{"line":222,"column":79}},"28":{"start":{"line":225,"column":61},"end":{"line":225,"column":69}},"29":{"start":{"line":226,"column":39},"end":{"line":226,"column":162}},"30":{"start":{"line":226,"column":105},"end":{"line":226,"column":156}},"31":{"start":{"line":226,"column":130},"end":{"line":226,"column":155}},"32":{"start":{"line":227,"column":33},"end":{"line":227,"column":105}},"33":{"start":{"line":227,"column":77},"end":{"line":227,"column":99}},"34":{"start":{"line":229,"column":8},"end":{"line":229,"column":49}},"35":{"start":{"line":230,"column":8},"end":{"line":230,"column":72}},"36":{"start":{"line":231,"column":8},"end":{"line":231,"column":64}},"37":{"start":{"line":233,"column":27},"end":{"line":233,"column":107}},"38":{"start":{"line":233,"column":50},"end":{"line":233,"column":106}},"39":{"start":{"line":235,"column":8},"end":{"line":238,"column":9}},"40":{"start":{"line":236,"column":12},"end":{"line":236,"column":81}},"41":{"start":{"line":237,"column":12},"end":{"line":237,"column":110}},"42":{"start":{"line":240,"column":8},"end":{"line":240,"column":58}},"43":{"start":{"line":242,"column":39},"end":{"line":242,"column":102}},"44":{"start":{"line":243,"column":38},"end":{"line":243,"column":96}},"45":{"start":{"line":245,"column":8},"end":{"line":245,"column":91}},"46":{"start":{"line":246,"column":8},"end":{"line":246,"column":73}},"47":{"start":{"line":249,"column":8},"end":{"line":249,"column":65}},"48":{"start":{"line":250,"column":8},"end":{"line":250,"column":30}},"49":{"start":{"line":252,"column":8},"end":{"line":254,"column":9}},"50":{"start":{"line":253,"column":12},"end":{"line":253,"column":160}},"51":{"start":{"line":256,"column":8},"end":{"line":262,"column":11}},"52":{"start":{"line":259,"column":68},"end":{"line":259,"column":106}},"53":{"start":{"line":260,"column":65},"end":{"line":260,"column":78}},"54":{"start":{"line":264,"column":8},"end":{"line":264,"column":45}},"55":{"start":{"line":265,"column":8},"end":{"line":265,"column":80}}},"fnMap":{"0":{"name":"(anonymous_0)","decl":{"start":{"line":183,"column":29},"end":{"line":183,"column":30}},"loc":{"start":{"line":183,"column":83},"end":{"line":197,"column":1}},"line":183},"1":{"name":"(anonymous_1)","decl":{"start":{"line":184,"column":67},"end":{"line":184,"column":68}},"loc":{"start":{"line":184,"column":72},"end":{"line":184,"column":94}},"line":184},"2":{"name":"(anonymous_2)","decl":{"start":{"line":185,"column":71},"end":{"line":185,"column":72}},"loc":{"start":{"line":185,"column":76},"end":{"line":185,"column":103}},"line":185},"3":{"name":"(anonymous_3)","decl":{"start":{"line":189,"column":40},"end":{"line":189,"column":41}},"loc":{"start":{"line":189,"column":53},"end":{"line":193,"column":5}},"line":189},"4":{"name":"(anonymous_4)","decl":{"start":{"line":200,"column":25},"end":{"line":200,"column":26}},"loc":{"start":{"line":200,"column":71},"end":{"line":213,"column":1}},"line":200},"5":{"name":"(anonymous_5)","decl":{"start":{"line":201,"column":55},"end":{"line":201,"column":56}},"loc":{"start":{"line":201,"column":60},"end":{"line":201,"column":75}},"line":201},"6":{"name":"(anonymous_6)","decl":{"start":{"line":202,"column":67},"end":{"line":202,"column":68}},"loc":{"start":{"line":202,"column":72},"end":{"line":202,"column":94}},"line":202},"7":{"name":"(anonymous_7)","decl":{"start":{"line":206,"column":34},"end":{"line":206,"column":35}},"loc":{"start":{"line":206,"column":45},"end":{"line":210,"column":5}},"line":206},"8":{"name":"(anonymous_8)","decl":{"start":{"line":216,"column":34},"end":{"line":216,"column":35}},"loc":{"start":{"line":216,"column":54},"end":{"line":267,"column":1}},"line":216},"9":{"name":"(anonymous_9)","decl":{"start":{"line":226,"column":100},"end":{"line":226,"column":101}},"loc":{"start":{"line":226,"column":105},"end":{"line":226,"column":156}},"line":226},"10":{"name":"(anonymous_10)","decl":{"start":{"line":226,"column":122},"end":{"line":226,"column":123}},"loc":{"start":{"line":226,"column":130},"end":{"line":226,"column":155}},"line":226},"11":{"name":"(anonymous_11)","decl":{"start":{"line":227,"column":72},"end":{"line":227,"column":73}},"loc":{"start":{"line":227,"column":77},"end":{"line":227,"column":99}},"line":227},"12":{"name":"(anonymous_12)","decl":{"start":{"line":233,"column":45},"end":{"line":233,"column":46}},"loc":{"start":{"line":233,"column":50},"end":{"line":233,"column":106}},"line":233},"13":{"name":"(anonymous_13)","decl":{"start":{"line":259,"column":63},"end":{"line":259,"column":64}},"loc":{"start":{"line":259,"column":68},"end":{"line":259,"column":106}},"line":259},"14":{"name":"(anonymous_14)","decl":{"start":{"line":260,"column":60},"end":{"line":260,"column":61}},"loc":{"start":{"line":260,"column":65},"end":{"line":260,"column":78}},"line":260}},"branchMap":{"0":{"loc":{"start":{"line":190,"column":8},"end":{"line":192,"column":9}},"type":"if","locations":[{"start":{"line":190,"column":8},"end":{"line":192,"column":9}},{"start":{},"end":{}}],"line":190},"1":{"loc":{"start":{"line":207,"column":8},"end":{"line":209,"column":9}},"type":"if","locations":[{"start":{"line":207,"column":8},"end":{"line":209,"column":9}},{"start":{},"end":{}}],"line":207},"2":{"loc":{"start":{"line":221,"column":8},"end":{"line":223,"column":9}},"type":"if","locations":[{"start":{"line":221,"column":8},"end":{"line":223,"column":9}},{"start":{},"end":{}}],"line":221},"3":{"loc":{"start":{"line":226,"column":39},"end":{"line":226,"column":162}},"type":"cond-expr","locations":[{"start":{"line":226,"column":74},"end":{"line":226,"column":157}},{"start":{"line":226,"column":160},"end":{"line":226,"column":162}}],"line":226},"4":{"loc":{"start":{"line":227,"column":33},"end":{"line":227,"column":105}},"type":"cond-expr","locations":[{"start":{"line":227,"column":59},"end":{"line":227,"column":100}},{"start":{"line":227,"column":103},"end":{"line":227,"column":105}}],"line":227},"5":{"loc":{"start":{"line":235,"column":8},"end":{"line":238,"column":9}},"type":"if","locations":[{"start":{"line":235,"column":8},"end":{"line":238,"column":9}},{"start":{},"end":{}}],"line":235},"6":{"loc":{"start":{"line":252,"column":8},"end":{"line":254,"column":9}},"type":"if","locations":[{"start":{"line":252,"column":8},"end":{"line":254,"column":9}},{"start":{},"end":{}}],"line":252}},"s":{"0":1,"1":1,"2":5,"3":5,"4":5,"5":18,"6":5,"7":5,"8":5,"9":4,"10":5,"11":5,"12":1,"13":5,"14":2,"15":5,"16":5,"17":5,"18":5,"19":2,"20":1,"21":5,"22":1,"23":8,"24":8,"25":8,"26":7,"27":1,"28":6,"29":6,"30":6,"31":6,"32":6,"33":2,"34":6,"35":6,"36":6,"37":6,"38":29,"39":6,"40":1,"41":1,"42":5,"43":5,"44":5,"45":5,"46":5,"47":5,"48":5,"49":5,"50":1,"51":4,"52":3,"53":14,"54":1,"55":1},"f":{"0":5,"1":5,"2":18,"3":5,"4":5,"5":2,"6":5,"7":2,"8":8,"9":6,"10":6,"11":2,"12":29,"13":3,"14":14},"b":{"0":[4,1],"1":[1,1],"2":[1,6],"3":[5,1],"4":[4,2],"5":[1,5],"6":[1,4]},"_coverageSchema":"1a1c01bbd47fc00a2c39e90264f33305004495a9","hash":"8dd391a3d1cdb538de23809548299d46149593df"}
,"C:\\Users\\matia\\OneDrive\\Escritorio\\proyectoIntegradorProcesos\\backenMini-Core\\Src\\Controller\\doctor.controller.js": {"path":"C:\\Users\\matia\\OneDrive\\Escritorio\\proyectoIntegradorProcesos\\backenMini-Core\\Src\\Controller\\doctor.controller.js","statementMap":{"0":{"start":{"line":8,"column":26},"end":{"line":37,"column":1}},"1":{"start":{"line":10,"column":4},"end":{"line":35,"column":5}},"2":{"start":{"line":12,"column":23},"end":{"line":12,"column":31}},"3":{"start":{"line":14,"column":26},"end":{"line":14,"column":71}},"4":{"start":{"line":15,"column":8},"end":{"line":17,"column":9}},"5":{"start":{"line":16,"column":12},"end":{"line":16,"column":66}},"6":{"start":{"line":19,"column":8},"end":{"line":19,"column":65}},"7":{"start":{"line":20,"column":26},"end":{"line":20,"column":44}},"8":{"start":{"line":22,"column":8},"end":{"line":22,"column":31}},"9":{"start":{"line":23,"column":22},"end":{"line":27,"column":9}},"10":{"start":{"line":28,"column":8},"end":{"line":28,"column":35}},"11":{"start":{"line":29,"column":8},"end":{"line":32,"column":11}},"12":{"start":{"line":34,"column":8},"end":{"line":34,"column":57}},"13":{"start":{"line":40,"column":21},"end":{"line":68,"column":1}},"14":{"start":{"line":43,"column":32},"end":{"line":43,"column":40}},"15":{"start":{"line":44,"column":4},"end":{"line":67,"column":5}},"16":{"start":{"line":45,"column":26},"end":{"line":45,"column":57}},"17":{"start":{"line":46,"column":8},"end":{"line":48,"column":9}},"18":{"start":{"line":47,"column":12},"end":{"line":47,"column":78}},"19":{"start":{"line":49,"column":24},"end":{"line":49,"column":74}},"20":{"start":{"line":50,"column":8},"end":{"line":52,"column":9}},"21":{"start":{"line":51,"column":12},"end":{"line":51,"column":78}},"22":{"start":{"line":53,"column":22},"end":{"line":59,"column":9}},"23":{"start":{"line":60,"column":8},"end":{"line":60,"column":35}},"24":{"start":{"line":61,"column":8},"end":{"line":64,"column":11}},"25":{"start":{"line":66,"column":8},"end":{"line":66,"column":57}},"26":{"start":{"line":72,"column":22},"end":{"line":77,"column":1}},"27":{"start":{"line":73,"column":4},"end":{"line":75,"column":7}},"28":{"start":{"line":76,"column":4},"end":{"line":76,"column":44}},"29":{"start":{"line":81,"column":30},"end":{"line":92,"column":1}},"30":{"start":{"line":82,"column":4},"end":{"line":91,"column":5}},"31":{"start":{"line":83,"column":25},"end":{"line":83,"column":38}},"32":{"start":{"line":84,"column":30},"end":{"line":84,"column":70}},"33":{"start":{"line":85,"column":8},"end":{"line":87,"column":9}},"34":{"start":{"line":86,"column":12},"end":{"line":86,"column":78}},"35":{"start":{"line":88,"column":8},"end":{"line":88,"column":77}},"36":{"start":{"line":90,"column":8},"end":{"line":90,"column":57}},"37":{"start":{"line":96,"column":33},"end":{"line":107,"column":1}},"38":{"start":{"line":97,"column":4},"end":{"line":106,"column":5}},"39":{"start":{"line":98,"column":28},"end":{"line":98,"column":42}},"40":{"start":{"line":99,"column":30},"end":{"line":99,"column":83}},"41":{"start":{"line":100,"column":8},"end":{"line":102,"column":9}},"42":{"start":{"line":101,"column":12},"end":{"line":101,"column":78}},"43":{"start":{"line":103,"column":8},"end":{"line":103,"column":77}},"44":{"start":{"line":105,"column":8},"end":{"line":105,"column":57}},"45":{"start":{"line":110,"column":25},"end":{"line":117,"column":1}},"46":{"start":{"line":111,"column":4},"end":{"line":116,"column":5}},"47":{"start":{"line":112,"column":24},"end":{"line":112,"column":43}},"48":{"start":{"line":113,"column":8},"end":{"line":113,"column":38}},"49":{"start":{"line":115,"column":8},"end":{"line":115,"column":57}},"50":{"start":{"line":120,"column":30},"end":{"line":140,"column":1}},"51":{"start":{"line":121,"column":4},"end":{"line":139,"column":5}},"52":{"start":{"line":122,"column":25},"end":{"line":122,"column":38}},"53":{"start":{"line":123,"column":21},"end":{"line":123,"column":29}},"54":{"start":{"line":130,"column":44},"end":{"line":130,"column":50}},"55":{"start":{"line":132,"column":30},"end":{"line":132,"column":97}},"56":{"start":{"line":133,"column":8},"end":{"line":135,"column":9}},"57":{"start":{"line":134,"column":12},"end":{"line":134,"column":78}},"58":{"start":{"line":136,"column":8},"end":{"line":136,"column":44}},"59":{"start":{"line":138,"column":8},"end":{"line":138,"column":57}},"60":{"start":{"line":144,"column":27},"end":{"line":156,"column":1}},"61":{"start":{"line":145,"column":4},"end":{"line":155,"column":5}},"62":{"start":{"line":146,"column":25},"end":{"line":146,"column":38}},"63":{"start":{"line":147,"column":23},"end":{"line":147,"column":54}},"64":{"start":{"line":148,"column":8},"end":{"line":150,"column":9}},"65":{"start":{"line":149,"column":12},"end":{"line":149,"column":78}},"66":{"start":{"line":151,"column":8},"end":{"line":151,"column":45}},"67":{"start":{"line":152,"column":8},"end":{"line":152,"column":37}},"68":{"start":{"line":154,"column":8},"end":{"line":154,"column":57}},"69":{"start":{"line":160,"column":23},"end":{"line":167,"column":1}},"70":{"start":{"line":161,"column":24},"end":{"line":161,"column":58}},"71":{"start":{"line":162,"column":4},"end":{"line":162,"column":89}},"72":{"start":{"line":162,"column":22},"end":{"line":162,"column":89}},"73":{"start":{"line":163,"column":4},"end":{"line":166,"column":7}},"74":{"start":{"line":169,"column":27},"end":{"line":191,"column":1}},"75":{"start":{"line":170,"column":4},"end":{"line":170,"column":34}},"76":{"start":{"line":172,"column":22},"end":{"line":172,"column":33}},"77":{"start":{"line":174,"column":4},"end":{"line":174,"column":22}},"78":{"start":{"line":176,"column":4},"end":{"line":176,"column":68}},"79":{"start":{"line":176,"column":16},"end":{"line":176,"column":68}},"80":{"start":{"line":178,"column":4},"end":{"line":190,"column":6}},"81":{"start":{"line":180,"column":8},"end":{"line":180,"column":70}},"82":{"start":{"line":180,"column":17},"end":{"line":180,"column":70}},"83":{"start":{"line":182,"column":26},"end":{"line":182,"column":56}},"84":{"start":{"line":184,"column":8},"end":{"line":184,"column":81}},"85":{"start":{"line":184,"column":24},"end":{"line":184,"column":81}},"86":{"start":{"line":186,"column":8},"end":{"line":189,"column":10}}},"fnMap":{"0":{"name":"(anonymous_0)","decl":{"start":{"line":8,"column":26},"end":{"line":8,"column":27}},"loc":{"start":{"line":8,"column":46},"end":{"line":37,"column":1}},"line":8},"1":{"name":"(anonymous_1)","decl":{"start":{"line":40,"column":21},"end":{"line":40,"column":22}},"loc":{"start":{"line":40,"column":41},"end":{"line":68,"column":1}},"line":40},"2":{"name":"(anonymous_2)","decl":{"start":{"line":72,"column":22},"end":{"line":72,"column":23}},"loc":{"start":{"line":72,"column":42},"end":{"line":77,"column":1}},"line":72},"3":{"name":"(anonymous_3)","decl":{"start":{"line":81,"column":30},"end":{"line":81,"column":31}},"loc":{"start":{"line":81,"column":50},"end":{"line":92,"column":1}},"line":81},"4":{"name":"(anonymous_4)","decl":{"start":{"line":96,"column":33},"end":{"line":96,"column":34}},"loc":{"start":{"line":96,"column":53},"end":{"line":107,"column":1}},"line":96},"5":{"name":"(anonymous_5)","decl":{"start":{"line":110,"column":25},"end":{"line":110,"column":26}},"loc":{"start":{"line":110,"column":45},"end":{"line":117,"column":1}},"line":110},"6":{"name":"(anonymous_6)","decl":{"start":{"line":120,"column":30},"end":{"line":120,"column":31}},"loc":{"start":{"line":120,"column":50},"end":{"line":140,"column":1}},"line":120},"7":{"name":"(anonymous_7)","decl":{"start":{"line":144,"column":27},"end":{"line":144,"column":28}},"loc":{"start":{"line":144,"column":47},"end":{"line":156,"column":1}},"line":144},"8":{"name":"(anonymous_8)","decl":{"start":{"line":160,"column":23},"end":{"line":160,"column":24}},"loc":{"start":{"line":160,"column":43},"end":{"line":167,"column":1}},"line":160},"9":{"name":"(anonymous_9)","decl":{"start":{"line":169,"column":27},"end":{"line":169,"column":28}},"loc":{"start":{"line":169,"column":47},"end":{"line":191,"column":1}},"line":169},"10":{"name":"(anonymous_10)","decl":{"start":{"line":178,"column":36},"end":{"line":178,"column":37}},"loc":{"start":{"line":178,"column":57},"end":{"line":190,"column":5}},"line":178}},"branchMap":{"0":{"loc":{"start":{"line":15,"column":8},"end":{"line":17,"column":9}},"type":"if","locations":[{"start":{"line":15,"column":8},"end":{"line":17,"column":9}},{"start":{},"end":{}}],"line":15},"1":{"loc":{"start":{"line":46,"column":8},"end":{"line":48,"column":9}},"type":"if","locations":[{"start":{"line":46,"column":8},"end":{"line":48,"column":9}},{"start":{},"end":{}}],"line":46},"2":{"loc":{"start":{"line":50,"column":8},"end":{"line":52,"column":9}},"type":"if","locations":[{"start":{"line":50,"column":8},"end":{"line":52,"column":9}},{"start":{},"end":{}}],"line":50},"3":{"loc":{"start":{"line":85,"column":8},"end":{"line":87,"column":9}},"type":"if","locations":[{"start":{"line":85,"column":8},"end":{"line":87,"column":9}},{"start":{},"end":{}}],"line":85},"4":{"loc":{"start":{"line":100,"column":8},"end":{"line":102,"column":9}},"type":"if","locations":[{"start":{"line":100,"column":8},"end":{"line":102,"column":9}},{"start":{},"end":{}}],"line":100},"5":{"loc":{"start":{"line":133,"column":8},"end":{"line":135,"column":9}},"type":"if","locations":[{"start":{"line":133,"column":8},"end":{"line":135,"column":9}},{"start":{},"end":{}}],"line":133},"6":{"loc":{"start":{"line":148,"column":8},"end":{"line":150,"column":9}},"type":"if","locations":[{"start":{"line":148,"column":8},"end":{"line":150,"column":9}},{"start":{},"end":{}}],"line":148},"7":{"loc":{"start":{"line":162,"column":4},"end":{"line":162,"column":89}},"type":"if","locations":[{"start":{"line":162,"column":4},"end":{"line":162,"column":89}},{"start":{},"end":{}}],"line":162},"8":{"loc":{"start":{"line":176,"column":4},"end":{"line":176,"column":68}},"type":"if","locations":[{"start":{"line":176,"column":4},"end":{"line":176,"column":68}},{"start":{},"end":{}}],"line":176},"9":{"loc":{"start":{"line":180,"column":8},"end":{"line":180,"column":70}},"type":"if","locations":[{"start":{"line":180,"column":8},"end":{"line":180,"column":70}},{"start":{},"end":{}}],"line":180},"10":{"loc":{"start":{"line":184,"column":8},"end":{"line":184,"column":81}},"type":"if","locations":[{"start":{"line":184,"column":8},"end":{"line":184,"column":81}},{"start":{},"end":{}}],"line":184}},"s":{"0":1,"1":2,"2":2,"3":2,"4":2,"5":1,"6":1,"7":1,"8":1,"9":1,"10":1,"11":1,"12":0,"13":1,"14":3,"15":3,"16":3,"17":3,"18":1,"19":2,"20":2,"21":1,"22":1,"23":1,"24":1,"25":0,"26":1,"27":1,"28":1,"29":1,"30":3,"31":3,"32":3,"33":2,"34":1,"35":1,"36":1,"37":1,"38":3,"39":3,"40":3,"41":2,"42":1,"43":1,"44":1,"45":1,"46":2,"47":2,"48":1,"49":1,"50":1,"51":3,"52":3,"53":3,"54":3,"55":3,"56":2,"57":1,"58":1,"59":1,"60":1,"61":3,"62":3,"63":3,"64":2,"65":1,"66":1,"67":1,"68":1,"69":1,"70":2,"71":2,"72":1,"73":1,"74":1,"75":4,"76":4,"77":4,"78":4,"79":1,"80":3,"81":3,"82":1,"83":2,"84":2,"85":1,"86":1},"f":{"0":2,"1":3,"2":1,"3":3,"4":3,"5":2,"6":3,"7":3,"8":2,"9":4,"10":3},"b":{"0":[1,1],"1":[1,2],"2":[1,1],"3":[1,1],"4":[1,1],"5":[1,1],"6":[1,1],"7":[1,1],"8":[1,3],"9":[1,2],"10":[1,1]},"_coverageSchema":"1a1c01bbd47fc00a2c39e90264f33305004495a9","hash":"2aba6ae1efb3682403f2c854900b53b3b038a865"}
,"C:\\Users\\matia\\OneDrive\\Escritorio\\proyectoIntegradorProcesos\\backenMini-Core\\Src\\Controller\\reglas.diagnostico.js": {"path":"C:\\Users\\matia\\OneDrive\\Escritorio\\proyectoIntegradorProcesos\\backenMini-Core\\Src\\Controller\\reglas.diagnostico.js","statementMap":{"0":{"start":{"line":6,"column":21},"end":{"line":337,"column":1}},"1":{"start":{"line":340,"column":21},"end":{"line":373,"column":1}},"2":{"start":{"line":341,"column":28},"end":{"line":344,"column":5}},"3":{"start":{"line":346,"column":4},"end":{"line":370,"column":5}},"4":{"start":{"line":347,"column":25},"end":{"line":347,"column":26}},"5":{"start":{"line":350,"column":8},"end":{"line":354,"column":9}},"6":{"start":{"line":351,"column":12},"end":{"line":353,"column":13}},"7":{"start":{"line":352,"column":16},"end":{"line":352,"column":32}},"8":{"start":{"line":357,"column":8},"end":{"line":361,"column":9}},"9":{"start":{"line":358,"column":12},"end":{"line":360,"column":13}},"10":{"start":{"line":359,"column":16},"end":{"line":359,"column":32}},"11":{"start":{"line":364,"column":8},"end":{"line":369,"column":9}},"12":{"start":{"line":365,"column":12},"end":{"line":368,"column":14}},"13":{"start":{"line":372,"column":4},"end":{"line":372,"column":36}},"14":{"start":{"line":375,"column":33},"end":{"line":412,"column":1}},"15":{"start":{"line":376,"column":4},"end":{"line":411,"column":5}},"16":{"start":{"line":377,"column":27},"end":{"line":377,"column":40}},"17":{"start":{"line":380,"column":8},"end":{"line":383,"column":9}},"18":{"start":{"line":381,"column":12},"end":{"line":381,"column":58}},"19":{"start":{"line":382,"column":12},"end":{"line":382,"column":19}},"20":{"start":{"line":385,"column":33},"end":{"line":385,"column":97}},"21":{"start":{"line":386,"column":38},"end":{"line":386,"column":105}},"22":{"start":{"line":388,"column":29},"end":{"line":395,"column":9}},"23":{"start":{"line":397,"column":8},"end":{"line":397,"column":52}},"24":{"start":{"line":399,"column":40},"end":{"line":399,"column":66}},"25":{"start":{"line":401,"column":8},"end":{"line":401,"column":74}},"26":{"start":{"line":404,"column":25},"end":{"line":404,"column":126}},"27":{"start":{"line":406,"column":8},"end":{"line":406,"column":82}},"28":{"start":{"line":409,"column":8},"end":{"line":409,"column":48}},"29":{"start":{"line":410,"column":8},"end":{"line":410,"column":57}}},"fnMap":{"0":{"name":"(anonymous_0)","decl":{"start":{"line":340,"column":21},"end":{"line":340,"column":22}},"loc":{"start":{"line":340,"column":39},"end":{"line":373,"column":1}},"line":340},"1":{"name":"(anonymous_1)","decl":{"start":{"line":375,"column":33},"end":{"line":375,"column":34}},"loc":{"start":{"line":375,"column":53},"end":{"line":412,"column":1}},"line":375}},"branchMap":{"0":{"loc":{"start":{"line":351,"column":12},"end":{"line":353,"column":13}},"type":"if","locations":[{"start":{"line":351,"column":12},"end":{"line":353,"column":13}},{"start":{},"end":{}}],"line":351},"1":{"loc":{"start":{"line":358,"column":12},"end":{"line":360,"column":13}},"type":"if","locations":[{"start":{"line":358,"column":12},"end":{"line":360,"column":13}},{"start":{},"end":{}}],"line":358},"2":{"loc":{"start":{"line":364,"column":8},"end":{"line":369,"column":9}},"type":"if","locations":[{"start":{"line":364,"column":8},"end":{"line":369,"column":9}},{"start":{},"end":{}}],"line":364},"3":{"loc":{"start":{"line":380,"column":8},"end":{"line":383,"column":9}},"type":"if","locations":[{"start":{"line":380,"column":8},"end":{"line":383,"column":9}},{"start":{},"end":{}}],"line":380}},"s":{"0":1,"1":1,"2":5,"3":5,"4":150,"5":150,"6":570,"7":78,"8":150,"9":750,"10":474,"11":150,"12":8,"13":5,"14":1,"15":7,"16":7,"17":7,"18":0,"19":0,"20":7,"21":6,"22":5,"23":5,"24":5,"25":5,"26":5,"27":4,"28":3,"29":3},"f":{"0":5,"1":7},"b":{"0":[78,492],"1":[474,276],"2":[8,142],"3":[0,7]},"_coverageSchema":"1a1c01bbd47fc00a2c39e90264f33305004495a9","hash":"3463346d9696c7ceaec225674bc99f315418ee1c"}
,"C:\\Users\\matia\\OneDrive\\Escritorio\\proyectoIntegradorProcesos\\backenMini-Core\\Src\\Controller\\signos_vitales.controller.js": {"path":"C:\\Users\\matia\\OneDrive\\Escritorio\\proyectoIntegradorProcesos\\backenMini-Core\\Src\\Controller\\signos_vitales.controller.js","statementMap":{"0":{"start":{"line":5,"column":33},"end":{"line":23,"column":1}},"1":{"start":{"line":6,"column":4},"end":{"line":22,"column":5}},"2":{"start":{"line":7,"column":31},"end":{"line":14,"column":9}},"3":{"start":{"line":16,"column":33},"end":{"line":16,"column":72}},"4":{"start":{"line":17,"column":8},"end":{"line":17,"column":38}},"5":{"start":{"line":18,"column":8},"end":{"line":18,"column":85}},"6":{"start":{"line":20,"column":8},"end":{"line":20,"column":71}},"7":{"start":{"line":21,"column":8},"end":{"line":21,"column":57}},"8":{"start":{"line":28,"column":35},"end":{"line":53,"column":1}},"9":{"start":{"line":29,"column":4},"end":{"line":52,"column":5}},"10":{"start":{"line":31,"column":31},"end":{"line":31,"column":33}},"11":{"start":{"line":32,"column":8},"end":{"line":32,"column":98}},"12":{"start":{"line":32,"column":48},"end":{"line":32,"column":98}},"13":{"start":{"line":33,"column":8},"end":{"line":33,"column":80}},"14":{"start":{"line":33,"column":42},"end":{"line":33,"column":80}},"15":{"start":{"line":34,"column":8},"end":{"line":34,"column":110}},"16":{"start":{"line":34,"column":52},"end":{"line":34,"column":110}},"17":{"start":{"line":35,"column":8},"end":{"line":35,"column":77}},"18":{"start":{"line":35,"column":41},"end":{"line":35,"column":77}},"19":{"start":{"line":36,"column":8},"end":{"line":36,"column":89}},"20":{"start":{"line":36,"column":45},"end":{"line":36,"column":89}},"21":{"start":{"line":39,"column":37},"end":{"line":43,"column":9}},"22":{"start":{"line":45,"column":8},"end":{"line":49,"column":9}},"23":{"start":{"line":46,"column":12},"end":{"line":46,"column":90}},"24":{"start":{"line":48,"column":12},"end":{"line":48,"column":72}},"25":{"start":{"line":51,"column":8},"end":{"line":51,"column":57}},"26":{"start":{"line":56,"column":4},"end":{"line":61,"column":5}},"27":{"start":{"line":57,"column":31},"end":{"line":57,"column":96}},"28":{"start":{"line":58,"column":8},"end":{"line":58,"column":30}},"29":{"start":{"line":60,"column":8},"end":{"line":60,"column":39}},"30":{"start":{"line":65,"column":4},"end":{"line":70,"column":5}},"31":{"start":{"line":66,"column":31},"end":{"line":66,"column":96}},"32":{"start":{"line":67,"column":8},"end":{"line":67,"column":45}},"33":{"start":{"line":69,"column":8},"end":{"line":69,"column":39}},"34":{"start":{"line":76,"column":4},"end":{"line":81,"column":5}},"35":{"start":{"line":77,"column":31},"end":{"line":77,"column":63}},"36":{"start":{"line":78,"column":8},"end":{"line":78,"column":45}},"37":{"start":{"line":80,"column":8},"end":{"line":80,"column":57}}},"fnMap":{"0":{"name":"(anonymous_0)","decl":{"start":{"line":5,"column":33},"end":{"line":5,"column":34}},"loc":{"start":{"line":5,"column":53},"end":{"line":23,"column":1}},"line":5},"1":{"name":"(anonymous_1)","decl":{"start":{"line":28,"column":35},"end":{"line":28,"column":36}},"loc":{"start":{"line":28,"column":55},"end":{"line":53,"column":1}},"line":28},"2":{"name":"getSignosVitalesIdDiagnostico","decl":{"start":{"line":55,"column":22},"end":{"line":55,"column":51}},"loc":{"start":{"line":55,"column":57},"end":{"line":62,"column":1}},"line":55},"3":{"name":"getSignosVitalesId","decl":{"start":{"line":64,"column":22},"end":{"line":64,"column":40}},"loc":{"start":{"line":64,"column":51},"end":{"line":71,"column":1}},"line":64},"4":{"name":"getSignosVitales","decl":{"start":{"line":75,"column":22},"end":{"line":75,"column":38}},"loc":{"start":{"line":75,"column":49},"end":{"line":82,"column":1}},"line":75}},"branchMap":{"0":{"loc":{"start":{"line":9,"column":25},"end":{"line":9,"column":51}},"type":"binary-expr","locations":[{"start":{"line":9,"column":25},"end":{"line":9,"column":45}},{"start":{"line":9,"column":49},"end":{"line":9,"column":51}}],"line":9},"1":{"loc":{"start":{"line":10,"column":19},"end":{"line":10,"column":39}},"type":"binary-expr","locations":[{"start":{"line":10,"column":19},"end":{"line":10,"column":33}},{"start":{"line":10,"column":37},"end":{"line":10,"column":39}}],"line":10},"2":{"loc":{"start":{"line":11,"column":29},"end":{"line":11,"column":59}},"type":"binary-expr","locations":[{"start":{"line":11,"column":29},"end":{"line":11,"column":53}},{"start":{"line":11,"column":57},"end":{"line":11,"column":59}}],"line":11},"3":{"loc":{"start":{"line":12,"column":18},"end":{"line":12,"column":37}},"type":"binary-expr","locations":[{"start":{"line":12,"column":18},"end":{"line":12,"column":31}},{"start":{"line":12,"column":35},"end":{"line":12,"column":37}}],"line":12},"4":{"loc":{"start":{"line":13,"column":22},"end":{"line":13,"column":45}},"type":"binary-expr","locations":[{"start":{"line":13,"column":22},"end":{"line":13,"column":39}},{"start":{"line":13,"column":43},"end":{"line":13,"column":45}}],"line":13},"5":{"loc":{"start":{"line":32,"column":8},"end":{"line":32,"column":98}},"type":"if","locations":[{"start":{"line":32,"column":8},"end":{"line":32,"column":98}},{"start":{},"end":{}}],"line":32},"6":{"loc":{"start":{"line":33,"column":8},"end":{"line":33,"column":80}},"type":"if","locations":[{"start":{"line":33,"column":8},"end":{"line":33,"column":80}},{"start":{},"end":{}}],"line":33},"7":{"loc":{"start":{"line":34,"column":8},"end":{"line":34,"column":110}},"type":"if","locations":[{"start":{"line":34,"column":8},"end":{"line":34,"column":110}},{"start":{},"end":{}}],"line":34},"8":{"loc":{"start":{"line":35,"column":8},"end":{"line":35,"column":77}},"type":"if","locations":[{"start":{"line":35,"column":8},"end":{"line":35,"column":77}},{"start":{},"end":{}}],"line":35},"9":{"loc":{"start":{"line":36,"column":8},"end":{"line":36,"column":89}},"type":"if","locations":[{"start":{"line":36,"column":8},"end":{"line":36,"column":89}},{"start":{},"end":{}}],"line":36},"10":{"loc":{"start":{"line":45,"column":8},"end":{"line":49,"column":9}},"type":"if","locations":[{"start":{"line":45,"column":8},"end":{"line":49,"column":9}},{"start":{"line":47,"column":15},"end":{"line":49,"column":9}}],"line":45}},"s":{"0":2,"1":4,"2":4,"3":4,"4":4,"5":3,"6":1,"7":1,"8":2,"9":7,"10":7,"11":7,"12":6,"13":7,"14":3,"15":7,"16":2,"17":7,"18":2,"19":7,"20":1,"21":7,"22":6,"23":5,"24":1,"25":1,"26":3,"27":3,"28":2,"29":1,"30":3,"31":3,"32":2,"33":1,"34":3,"35":3,"36":2,"37":1},"f":{"0":4,"1":7,"2":3,"3":3,"4":3},"b":{"0":[4,1],"1":[4,3],"2":[4,3],"3":[4,3],"4":[4,3],"5":[6,1],"6":[3,4],"7":[2,5],"8":[2,5],"9":[1,6],"10":[5,1]},"_coverageSchema":"1a1c01bbd47fc00a2c39e90264f33305004495a9","hash":"af4db05009cd9e6f962677f83153c0fdb8d265a8"}
,"C:\\Users\\matia\\OneDrive\\Escritorio\\proyectoIntegradorProcesos\\backenMini-Core\\Src\\Controller\\user.controller.js": {"path":"C:\\Users\\matia\\OneDrive\\Escritorio\\proyectoIntegradorProcesos\\backenMini-Core\\Src\\Controller\\user.controller.js","statementMap":{"0":{"start":{"line":7,"column":30},"end":{"line":29,"column":1}},"1":{"start":{"line":8,"column":4},"end":{"line":28,"column":5}},"2":{"start":{"line":9,"column":161},"end":{"line":9,"column":169}},"3":{"start":{"line":10,"column":28},"end":{"line":23,"column":10}},"4":{"start":{"line":24,"column":8},"end":{"line":24,"column":33}},"5":{"start":{"line":25,"column":8},"end":{"line":25,"column":74}},"6":{"start":{"line":27,"column":8},"end":{"line":27,"column":20}},"7":{"start":{"line":32,"column":29},"end":{"line":39,"column":1}},"8":{"start":{"line":33,"column":4},"end":{"line":38,"column":5}},"9":{"start":{"line":34,"column":26},"end":{"line":34,"column":47}},"10":{"start":{"line":35,"column":8},"end":{"line":35,"column":25}},"11":{"start":{"line":37,"column":8},"end":{"line":37,"column":20}},"12":{"start":{"line":42,"column":28},"end":{"line":49,"column":1}},"13":{"start":{"line":43,"column":4},"end":{"line":48,"column":5}},"14":{"start":{"line":44,"column":26},"end":{"line":44,"column":47}},"15":{"start":{"line":45,"column":8},"end":{"line":45,"column":40}},"16":{"start":{"line":47,"column":8},"end":{"line":47,"column":57}},"17":{"start":{"line":52,"column":34},"end":{"line":90,"column":1}},"18":{"start":{"line":53,"column":4},"end":{"line":89,"column":5}},"19":{"start":{"line":54,"column":27},"end":{"line":54,"column":40}},"20":{"start":{"line":55,"column":32},"end":{"line":55,"column":40}},"21":{"start":{"line":58,"column":8},"end":{"line":63,"column":9}},"22":{"start":{"line":59,"column":43},"end":{"line":59,"column":101}},"23":{"start":{"line":60,"column":12},"end":{"line":62,"column":13}},"24":{"start":{"line":61,"column":16},"end":{"line":61,"column":85}},"25":{"start":{"line":66,"column":8},"end":{"line":71,"column":9}},"26":{"start":{"line":67,"column":42},"end":{"line":67,"column":98}},"27":{"start":{"line":68,"column":12},"end":{"line":70,"column":13}},"28":{"start":{"line":69,"column":16},"end":{"line":69,"column":84}},"29":{"start":{"line":74,"column":8},"end":{"line":76,"column":9}},"30":{"start":{"line":75,"column":12},"end":{"line":75,"column":135}},"31":{"start":{"line":78,"column":8},"end":{"line":80,"column":9}},"32":{"start":{"line":79,"column":12},"end":{"line":79,"column":135}},"33":{"start":{"line":82,"column":25},"end":{"line":82,"column":101}},"34":{"start":{"line":83,"column":8},"end":{"line":85,"column":9}},"35":{"start":{"line":84,"column":12},"end":{"line":84,"column":79}},"36":{"start":{"line":86,"column":8},"end":{"line":86,"column":39}},"37":{"start":{"line":88,"column":8},"end":{"line":88,"column":57}},"38":{"start":{"line":93,"column":50},"end":{"line":115,"column":1}},"39":{"start":{"line":94,"column":4},"end":{"line":114,"column":5}},"40":{"start":{"line":95,"column":27},"end":{"line":95,"column":40}},"41":{"start":{"line":96,"column":32},"end":{"line":96,"column":40}},"42":{"start":{"line":99,"column":8},"end":{"line":101,"column":9}},"43":{"start":{"line":100,"column":12},"end":{"line":100,"column":135}},"44":{"start":{"line":103,"column":8},"end":{"line":105,"column":9}},"45":{"start":{"line":104,"column":12},"end":{"line":104,"column":135}},"46":{"start":{"line":107,"column":25},"end":{"line":107,"column":101}},"47":{"start":{"line":108,"column":8},"end":{"line":110,"column":9}},"48":{"start":{"line":109,"column":12},"end":{"line":109,"column":79}},"49":{"start":{"line":111,"column":8},"end":{"line":111,"column":39}},"50":{"start":{"line":113,"column":8},"end":{"line":113,"column":57}},"51":{"start":{"line":118,"column":52},"end":{"line":136,"column":1}},"52":{"start":{"line":119,"column":4},"end":{"line":135,"column":5}},"53":{"start":{"line":120,"column":27},"end":{"line":120,"column":40}},"54":{"start":{"line":121,"column":32},"end":{"line":121,"column":40}},"55":{"start":{"line":124,"column":8},"end":{"line":126,"column":9}},"56":{"start":{"line":125,"column":12},"end":{"line":125,"column":171}},"57":{"start":{"line":128,"column":25},"end":{"line":128,"column":101}},"58":{"start":{"line":129,"column":8},"end":{"line":131,"column":9}},"59":{"start":{"line":130,"column":12},"end":{"line":130,"column":79}},"60":{"start":{"line":132,"column":8},"end":{"line":132,"column":39}},"61":{"start":{"line":134,"column":8},"end":{"line":134,"column":57}},"62":{"start":{"line":139,"column":38},"end":{"line":147,"column":1}},"63":{"start":{"line":140,"column":4},"end":{"line":146,"column":5}},"64":{"start":{"line":141,"column":25},"end":{"line":141,"column":38}},"65":{"start":{"line":142,"column":26},"end":{"line":142,"column":70}},"66":{"start":{"line":143,"column":8},"end":{"line":143,"column":40}},"67":{"start":{"line":145,"column":8},"end":{"line":145,"column":57}},"68":{"start":{"line":150,"column":42},"end":{"line":163,"column":1}},"69":{"start":{"line":151,"column":4},"end":{"line":162,"column":5}},"70":{"start":{"line":152,"column":27},"end":{"line":152,"column":40}},"71":{"start":{"line":153,"column":25},"end":{"line":153,"column":60}},"72":{"start":{"line":155,"column":8},"end":{"line":157,"column":9}},"73":{"start":{"line":156,"column":12},"end":{"line":156,"column":54}},"74":{"start":{"line":158,"column":8},"end":{"line":158,"column":24}},"75":{"start":{"line":161,"column":8},"end":{"line":161,"column":20}},"76":{"start":{"line":166,"column":31},"end":{"line":179,"column":1}},"77":{"start":{"line":167,"column":4},"end":{"line":178,"column":5}},"78":{"start":{"line":168,"column":27},"end":{"line":168,"column":40}},"79":{"start":{"line":169,"column":25},"end":{"line":169,"column":60}},"80":{"start":{"line":171,"column":8},"end":{"line":173,"column":9}},"81":{"start":{"line":172,"column":12},"end":{"line":172,"column":54}},"82":{"start":{"line":174,"column":8},"end":{"line":174,"column":39}},"83":{"start":{"line":177,"column":8},"end":{"line":177,"column":20}},"84":{"start":{"line":182,"column":34},"end":{"line":193,"column":1}},"85":{"start":{"line":183,"column":4},"end":{"line":192,"column":5}},"86":{"start":{"line":184,"column":23},"end":{"line":184,"column":38}},"87":{"start":{"line":185,"column":25},"end":{"line":185,"column":76}},"88":{"start":{"line":186,"column":8},"end":{"line":188,"column":9}},"89":{"start":{"line":187,"column":12},"end":{"line":187,"column":79}},"90":{"start":{"line":189,"column":8},"end":{"line":189,"column":77}},"91":{"start":{"line":191,"column":8},"end":{"line":191,"column":57}},"92":{"start":{"line":196,"column":36},"end":{"line":219,"column":1}},"93":{"start":{"line":197,"column":4},"end":{"line":218,"column":5}},"94":{"start":{"line":198,"column":72},"end":{"line":198,"column":80}},"95":{"start":{"line":200,"column":26},"end":{"line":200,"column":47}},"96":{"start":{"line":202,"column":31},"end":{"line":202,"column":52}},"97":{"start":{"line":203,"column":28},"end":{"line":203,"column":46}},"98":{"start":{"line":205,"column":35},"end":{"line":213,"column":10}},"99":{"start":{"line":206,"column":34},"end":{"line":206,"column":58}},"100":{"start":{"line":207,"column":12},"end":{"line":212,"column":14}},"101":{"start":{"line":215,"column":8},"end":{"line":215,"column":49}},"102":{"start":{"line":217,"column":8},"end":{"line":217,"column":57}}},"fnMap":{"0":{"name":"(anonymous_0)","decl":{"start":{"line":7,"column":30},"end":{"line":7,"column":31}},"loc":{"start":{"line":7,"column":50},"end":{"line":29,"column":1}},"line":7},"1":{"name":"(anonymous_1)","decl":{"start":{"line":32,"column":29},"end":{"line":32,"column":30}},"loc":{"start":{"line":32,"column":41},"end":{"line":39,"column":1}},"line":32},"2":{"name":"(anonymous_2)","decl":{"start":{"line":42,"column":28},"end":{"line":42,"column":29}},"loc":{"start":{"line":42,"column":48},"end":{"line":49,"column":1}},"line":42},"3":{"name":"(anonymous_3)","decl":{"start":{"line":52,"column":34},"end":{"line":52,"column":35}},"loc":{"start":{"line":52,"column":54},"end":{"line":90,"column":1}},"line":52},"4":{"name":"(anonymous_4)","decl":{"start":{"line":93,"column":50},"end":{"line":93,"column":51}},"loc":{"start":{"line":93,"column":70},"end":{"line":115,"column":1}},"line":93},"5":{"name":"(anonymous_5)","decl":{"start":{"line":118,"column":52},"end":{"line":118,"column":53}},"loc":{"start":{"line":118,"column":72},"end":{"line":136,"column":1}},"line":118},"6":{"name":"(anonymous_6)","decl":{"start":{"line":139,"column":38},"end":{"line":139,"column":39}},"loc":{"start":{"line":139,"column":58},"end":{"line":147,"column":1}},"line":139},"7":{"name":"(anonymous_7)","decl":{"start":{"line":150,"column":42},"end":{"line":150,"column":43}},"loc":{"start":{"line":150,"column":62},"end":{"line":163,"column":1}},"line":150},"8":{"name":"(anonymous_8)","decl":{"start":{"line":166,"column":31},"end":{"line":166,"column":32}},"loc":{"start":{"line":166,"column":51},"end":{"line":179,"column":1}},"line":166},"9":{"name":"(anonymous_9)","decl":{"start":{"line":182,"column":34},"end":{"line":182,"column":35}},"loc":{"start":{"line":182,"column":54},"end":{"line":193,"column":1}},"line":182},"10":{"name":"(anonymous_10)","decl":{"start":{"line":196,"column":36},"end":{"line":196,"column":37}},"loc":{"start":{"line":196,"column":56},"end":{"line":219,"column":1}},"line":196},"11":{"name":"(anonymous_11)","decl":{"start":{"line":205,"column":52},"end":{"line":205,"column":53}},"loc":{"start":{"line":205,"column":64},"end":{"line":213,"column":9}},"line":205}},"branchMap":{"0":{"loc":{"start":{"line":19,"column":22},"end":{"line":19,"column":61}},"type":"cond-expr","locations":[{"start":{"line":19,"column":48},"end":{"line":19,"column":56}},{"start":{"line":19,"column":59},"end":{"line":19,"column":61}}],"line":19},"1":{"loc":{"start":{"line":20,"column":22},"end":{"line":20,"column":61}},"type":"cond-expr","locations":[{"start":{"line":20,"column":48},"end":{"line":20,"column":56}},{"start":{"line":20,"column":59},"end":{"line":20,"column":61}}],"line":20},"2":{"loc":{"start":{"line":21,"column":25},"end":{"line":21,"column":42}},"type":"binary-expr","locations":[{"start":{"line":21,"column":25},"end":{"line":21,"column":36}},{"start":{"line":21,"column":40},"end":{"line":21,"column":42}}],"line":21},"3":{"loc":{"start":{"line":22,"column":31},"end":{"line":22,"column":54}},"type":"binary-expr","locations":[{"start":{"line":22,"column":31},"end":{"line":22,"column":48}},{"start":{"line":22,"column":52},"end":{"line":22,"column":54}}],"line":22},"4":{"loc":{"start":{"line":58,"column":8},"end":{"line":63,"column":9}},"type":"if","locations":[{"start":{"line":58,"column":8},"end":{"line":63,"column":9}},{"start":{},"end":{}}],"line":58},"5":{"loc":{"start":{"line":60,"column":12},"end":{"line":62,"column":13}},"type":"if","locations":[{"start":{"line":60,"column":12},"end":{"line":62,"column":13}},{"start":{},"end":{}}],"line":60},"6":{"loc":{"start":{"line":60,"column":16},"end":{"line":60,"column":94}},"type":"binary-expr","locations":[{"start":{"line":60,"column":16},"end":{"line":60,"column":38}},{"start":{"line":60,"column":42},"end":{"line":60,"column":94}}],"line":60},"7":{"loc":{"start":{"line":66,"column":8},"end":{"line":71,"column":9}},"type":"if","locations":[{"start":{"line":66,"column":8},"end":{"line":71,"column":9}},{"start":{},"end":{}}],"line":66},"8":{"loc":{"start":{"line":68,"column":12},"end":{"line":70,"column":13}},"type":"if","locations":[{"start":{"line":68,"column":12},"end":{"line":70,"column":13}},{"start":{},"end":{}}],"line":68},"9":{"loc":{"start":{"line":68,"column":16},"end":{"line":68,"column":92}},"type":"binary-expr","locations":[{"start":{"line":68,"column":16},"end":{"line":68,"column":37}},{"start":{"line":68,"column":41},"end":{"line":68,"column":92}}],"line":68},"10":{"loc":{"start":{"line":74,"column":8},"end":{"line":76,"column":9}},"type":"if","locations":[{"start":{"line":74,"column":8},"end":{"line":76,"column":9}},{"start":{},"end":{}}],"line":74},"11":{"loc":{"start":{"line":75,"column":39},"end":{"line":75,"column":134}},"type":"cond-expr","locations":[{"start":{"line":75,"column":81},"end":{"line":75,"column":105}},{"start":{"line":75,"column":108},"end":{"line":75,"column":134}}],"line":75},"12":{"loc":{"start":{"line":78,"column":8},"end":{"line":80,"column":9}},"type":"if","locations":[{"start":{"line":78,"column":8},"end":{"line":80,"column":9}},{"start":{},"end":{}}],"line":78},"13":{"loc":{"start":{"line":79,"column":39},"end":{"line":79,"column":134}},"type":"cond-expr","locations":[{"start":{"line":79,"column":81},"end":{"line":79,"column":105}},{"start":{"line":79,"column":108},"end":{"line":79,"column":134}}],"line":79},"14":{"loc":{"start":{"line":83,"column":8},"end":{"line":85,"column":9}},"type":"if","locations":[{"start":{"line":83,"column":8},"end":{"line":85,"column":9}},{"start":{},"end":{}}],"line":83},"15":{"loc":{"start":{"line":99,"column":8},"end":{"line":101,"column":9}},"type":"if","locations":[{"start":{"line":99,"column":8},"end":{"line":101,"column":9}},{"start":{},"end":{}}],"line":99},"16":{"loc":{"start":{"line":100,"column":39},"end":{"line":100,"column":134}},"type":"cond-expr","locations":[{"start":{"line":100,"column":81},"end":{"line":100,"column":105}},{"start":{"line":100,"column":108},"end":{"line":100,"column":134}}],"line":100},"17":{"loc":{"start":{"line":103,"column":8},"end":{"line":105,"column":9}},"type":"if","locations":[{"start":{"line":103,"column":8},"end":{"line":105,"column":9}},{"start":{},"end":{}}],"line":103},"18":{"loc":{"start":{"line":104,"column":39},"end":{"line":104,"column":134}},"type":"cond-expr","locations":[{"start":{"line":104,"column":81},"end":{"line":104,"column":105}},{"start":{"line":104,"column":108},"end":{"line":104,"column":134}}],"line":104},"19":{"loc":{"start":{"line":108,"column":8},"end":{"line":110,"column":9}},"type":"if","locations":[{"start":{"line":108,"column":8},"end":{"line":110,"column":9}},{"start":{},"end":{}}],"line":108},"20":{"loc":{"start":{"line":124,"column":8},"end":{"line":126,"column":9}},"type":"if","locations":[{"start":{"line":124,"column":8},"end":{"line":126,"column":9}},{"start":{},"end":{}}],"line":124},"21":{"loc":{"start":{"line":125,"column":48},"end":{"line":125,"column":170}},"type":"cond-expr","locations":[{"start":{"line":125,"column":99},"end":{"line":125,"column":132}},{"start":{"line":125,"column":135},"end":{"line":125,"column":170}}],"line":125},"22":{"loc":{"start":{"line":129,"column":8},"end":{"line":131,"column":9}},"type":"if","locations":[{"start":{"line":129,"column":8},"end":{"line":131,"column":9}},{"start":{},"end":{}}],"line":129},"23":{"loc":{"start":{"line":155,"column":8},"end":{"line":157,"column":9}},"type":"if","locations":[{"start":{"line":155,"column":8},"end":{"line":157,"column":9}},{"start":{},"end":{}}],"line":155},"24":{"loc":{"start":{"line":171,"column":8},"end":{"line":173,"column":9}},"type":"if","locations":[{"start":{"line":171,"column":8},"end":{"line":173,"column":9}},{"start":{},"end":{}}],"line":171},"25":{"loc":{"start":{"line":186,"column":8},"end":{"line":188,"column":9}},"type":"if","locations":[{"start":{"line":186,"column":8},"end":{"line":188,"column":9}},{"start":{},"end":{}}],"line":186},"26":{"loc":{"start":{"line":208,"column":16},"end":{"line":211,"column":64}},"type":"binary-expr","locations":[{"start":{"line":208,"column":16},"end":{"line":208,"column":47}},{"start":{"line":209,"column":16},"end":{"line":209,"column":44}},{"start":{"line":210,"column":16},"end":{"line":210,"column":64}},{"start":{"line":211,"column":16},"end":{"line":211,"column":64}}],"line":208}},"s":{"0":4,"1":3,"2":3,"3":3,"4":3,"5":2,"6":1,"7":4,"8":2,"9":2,"10":1,"11":1,"12":4,"13":2,"14":2,"15":1,"16":1,"17":4,"18":7,"19":7,"20":7,"21":7,"22":4,"23":4,"24":1,"25":6,"26":3,"27":3,"28":1,"29":5,"30":3,"31":5,"32":3,"33":5,"34":5,"35":1,"36":4,"37":0,"38":4,"39":4,"40":4,"41":4,"42":4,"43":4,"44":4,"45":2,"46":4,"47":3,"48":1,"49":2,"50":1,"51":4,"52":4,"53":4,"54":4,"55":4,"56":4,"57":4,"58":3,"59":1,"60":2,"61":1,"62":4,"63":2,"64":2,"65":2,"66":1,"67":1,"68":4,"69":3,"70":3,"71":3,"72":2,"73":1,"74":1,"75":2,"76":4,"77":3,"78":3,"79":3,"80":2,"81":1,"82":1,"83":2,"84":4,"85":3,"86":3,"87":3,"88":2,"89":1,"90":1,"91":1,"92":4,"93":0,"94":0,"95":0,"96":0,"97":0,"98":0,"99":0,"100":0,"101":0,"102":0},"f":{"0":3,"1":2,"2":2,"3":7,"4":4,"5":4,"6":2,"7":3,"8":3,"9":3,"10":0,"11":0},"b":{"0":[1,2],"1":[1,2],"2":[3,2],"3":[3,2],"4":[4,3],"5":[1,3],"6":[4,2],"7":[3,3],"8":[1,2],"9":[3,2],"10":[3,2],"11":[1,2],"12":[3,2],"13":[1,2],"14":[1,4],"15":[4,0],"16":[3,1],"17":[2,2],"18":[1,1],"19":[1,2],"20":[4,0],"21":[3,1],"22":[1,2],"23":[1,1],"24":[1,1],"25":[1,1],"26":[0,0,0,0]},"_coverageSchema":"1a1c01bbd47fc00a2c39e90264f33305004495a9","hash":"7bf07649db8dfdcdfc685af9ff0a1f6a5a7cd075"}
,"C:\\Users\\matia\\OneDrive\\Escritorio\\proyectoIntegradorProcesos\\backenMini-Core\\Src\\Model\\doctor.user.js": {"path":"C:\\Users\\matia\\OneDrive\\Escritorio\\proyectoIntegradorProcesos\\backenMini-Core\\Src\\Model\\doctor.user.js","statementMap":{"0":{"start":{"line":3,"column":21},"end":{"line":57,"column":2}}},"fnMap":{},"branchMap":{},"s":{"0":1},"f":{},"b":{},"_coverageSchema":"1a1c01bbd47fc00a2c39e90264f33305004495a9","hash":"db00f0337ea9afe0c3f32e44f7cda3d708209654"}
,"C:\\Users\\matia\\OneDrive\\Escritorio\\proyectoIntegradorProcesos\\backenMini-Core\\Src\\Model\\signos_vitales.model.js": {"path":"C:\\Users\\matia\\OneDrive\\Escritorio\\proyectoIntegradorProcesos\\backenMini-Core\\Src\\Model\\signos_vitales.model.js","statementMap":{"0":{"start":{"line":4,"column":29},"end":{"line":33,"column":2}}},"fnMap":{},"branchMap":{},"s":{"0":2},"f":{},"b":{},"_coverageSchema":"1a1c01bbd47fc00a2c39e90264f33305004495a9","hash":"0e9bd15f8b861c6b99b0ef9eaff82bfbca77f102"}
,"C:\\Users\\matia\\OneDrive\\Escritorio\\proyectoIntegradorProcesos\\backenMini-Core\\Src\\Model\\user.model.js": {"path":"C:\\Users\\matia\\OneDrive\\Escritorio\\proyectoIntegradorProcesos\\backenMini-Core\\Src\\Model\\user.model.js","statementMap":{"0":{"start":{"line":2,"column":19},"end":{"line":8,"column":1}},"1":{"start":{"line":3,"column":14},"end":{"line":3,"column":28}},"2":{"start":{"line":4,"column":17},"end":{"line":4,"column":32}},"3":{"start":{"line":5,"column":18},"end":{"line":5,"column":59}},"4":{"start":{"line":6,"column":16},"end":{"line":6,"column":52}},"5":{"start":{"line":7,"column":4},"end":{"line":7,"column":37}},"6":{"start":{"line":10,"column":23},"end":{"line":66,"column":2}},"7":{"start":{"line":63,"column":23},"end":{"line":63,"column":45}}},"fnMap":{"0":{"name":"(anonymous_0)","decl":{"start":{"line":2,"column":19},"end":{"line":2,"column":20}},"loc":{"start":{"line":2,"column":29},"end":{"line":8,"column":1}},"line":2},"1":{"name":"(anonymous_1)","decl":{"start":{"line":63,"column":17},"end":{"line":63,"column":18}},"loc":{"start":{"line":63,"column":23},"end":{"line":63,"column":45}},"line":63}},"branchMap":{},"s":{"0":4,"1":0,"2":0,"3":0,"4":0,"5":0,"6":4,"7":0},"f":{"0":0,"1":0},"b":{},"_coverageSchema":"1a1c01bbd47fc00a2c39e90264f33305004495a9","hash":"e937c12488a1f8c8eacaea54edeb61313705c9bb"}
,"C:\\Users\\matia\\OneDrive\\Escritorio\\proyectoIntegradorProcesos\\backenMini-Core\\Src\\libs\\jwt.js": {"path":"C:\\Users\\matia\\OneDrive\\Escritorio\\proyectoIntegradorProcesos\\backenMini-Core\\Src\\libs\\jwt.js","statementMap":{"0":{"start":{"line":4,"column":4},"end":{"line":18,"column":7}},"1":{"start":{"line":5,"column":8},"end":{"line":17,"column":15}},"2":{"start":{"line":12,"column":16},"end":{"line":16,"column":17}},"3":{"start":{"line":13,"column":20},"end":{"line":13,"column":32}},"4":{"start":{"line":15,"column":20},"end":{"line":15,"column":35}}},"fnMap":{"0":{"name":"createAcessToken","decl":{"start":{"line":3,"column":16},"end":{"line":3,"column":32}},"loc":{"start":{"line":3,"column":42},"end":{"line":19,"column":1}},"line":3},"1":{"name":"(anonymous_1)","decl":{"start":{"line":4,"column":24},"end":{"line":4,"column":25}},"loc":{"start":{"line":4,"column":45},"end":{"line":18,"column":5}},"line":4},"2":{"name":"(anonymous_2)","decl":{"start":{"line":11,"column":12},"end":{"line":11,"column":13}},"loc":{"start":{"line":11,"column":28},"end":{"line":17,"column":13}},"line":11}},"branchMap":{"0":{"loc":{"start":{"line":12,"column":16},"end":{"line":16,"column":17}},"type":"if","locations":[{"start":{"line":12,"column":16},"end":{"line":16,"column":17}},{"start":{"line":14,"column":21},"end":{"line":16,"column":17}}],"line":12}},"s":{"0":0,"1":0,"2":0,"3":0,"4":0},"f":{"0":0,"1":0,"2":0},"b":{"0":[0,0]},"_coverageSchema":"1a1c01bbd47fc00a2c39e90264f33305004495a9","hash":"0bae7905a0b9e785a49f61743bb1b4800fdfc6da"}
}
