TN:
SF:Src\Controller\user.controller.js
FN:7,(anonymous_0)
FN:32,(anonymous_1)
FN:42,(anonymous_2)
FN:52,(anonymous_3)
FN:94,(anonymous_4)
FN:119,(anonymous_5)
FN:140,(anonymous_6)
FN:151,(anonymous_7)
FN:167,(anonymous_8)
FN:183,(anonymous_9)
FN:197,(anonymous_10)
FN:206,(anonymous_11)
FNF:12
FNH:10
FNDA:3,(anonymous_0)
FNDA:2,(anonymous_1)
FNDA:2,(anonymous_2)
FNDA:6,(anonymous_3)
FNDA:3,(anonymous_4)
FNDA:3,(anonymous_5)
FNDA:2,(anonymous_6)
FNDA:2,(anonymous_7)
FNDA:2,(anonymous_8)
FNDA:2,(anonymous_9)
FNDA:0,(anonymous_10)
FNDA:0,(anonymous_11)
DA:7,1
DA:8,3
DA:9,3
DA:10,3
DA:24,3
DA:25,2
DA:27,1
DA:32,1
DA:33,2
DA:34,2
DA:35,1
DA:37,1
DA:42,1
DA:43,2
DA:44,2
DA:45,1
DA:47,1
DA:52,1
DA:53,6
DA:54,6
DA:55,6
DA:58,6
DA:59,4
DA:60,4
DA:61,1
DA:66,5
DA:67,3
DA:68,3
DA:69,1
DA:74,4
DA:75,3
DA:78,4
DA:79,3
DA:82,4
DA:83,4
DA:84,1
DA:86,3
DA:88,0
DA:89,0
DA:94,1
DA:95,3
DA:96,3
DA:97,3
DA:100,3
DA:101,3
DA:104,3
DA:105,2
DA:108,3
DA:109,3
DA:110,1
DA:112,2
DA:114,0
DA:119,1
DA:120,3
DA:121,3
DA:122,3
DA:125,3
DA:126,3
DA:129,3
DA:130,3
DA:131,1
DA:133,2
DA:135,0
DA:140,1
DA:141,2
DA:142,2
DA:143,2
DA:144,1
DA:146,1
DA:151,1
DA:152,2
DA:153,2
DA:154,2
DA:156,2
DA:157,1
DA:159,1
DA:162,1
DA:167,1
DA:168,2
DA:169,2
DA:170,2
DA:172,2
DA:173,1
DA:175,1
DA:178,1
DA:183,1
DA:184,2
DA:185,2
DA:186,2
DA:187,2
DA:188,1
DA:190,1
DA:192,0
DA:197,1
DA:198,0
DA:199,0
DA:201,0
DA:203,0
DA:204,0
DA:206,0
DA:207,0
DA:208,0
DA:216,0
DA:218,0
LF:104
LH:89
BRDA:19,0,0,1
BRDA:19,0,1,2
BRDA:20,1,0,1
BRDA:20,1,1,2
BRDA:21,2,0,3
BRDA:21,2,1,2
BRDA:22,3,0,3
BRDA:22,3,1,2
BRDA:58,4,0,4
BRDA:58,4,1,2
BRDA:60,5,0,1
BRDA:60,5,1,3
BRDA:60,6,0,4
BRDA:60,6,1,2
BRDA:66,7,0,3
BRDA:66,7,1,2
BRDA:68,8,0,1
BRDA:68,8,1,2
BRDA:68,9,0,3
BRDA:68,9,1,2
BRDA:74,10,0,3
BRDA:74,10,1,1
BRDA:75,11,0,1
BRDA:75,11,1,2
BRDA:78,12,0,3
BRDA:78,12,1,1
BRDA:79,13,0,1
BRDA:79,13,1,2
BRDA:83,14,0,1
BRDA:83,14,1,3
BRDA:100,15,0,3
BRDA:100,15,1,0
BRDA:101,16,0,2
BRDA:101,16,1,1
BRDA:104,17,0,2
BRDA:104,17,1,1
BRDA:105,18,0,1
BRDA:105,18,1,1
BRDA:109,19,0,1
BRDA:109,19,1,2
BRDA:125,20,0,3
BRDA:125,20,1,0
BRDA:126,21,0,2
BRDA:126,21,1,1
BRDA:130,22,0,1
BRDA:130,22,1,2
BRDA:156,23,0,1
BRDA:156,23,1,1
BRDA:172,24,0,1
BRDA:172,24,1,1
BRDA:187,25,0,1
BRDA:187,25,1,1
BRDA:209,26,0,0
BRDA:209,26,1,0
BRDA:209,26,2,0
BRDA:209,26,3,0
BRF:56
BRH:50
end_of_record
TN:
SF:Src\Model\user.model.js
FN:2,(anonymous_0)
FN:63,(anonymous_1)
FNF:2
FNH:0
FNDA:0,(anonymous_0)
FNDA:0,(anonymous_1)
DA:2,1
DA:3,0
DA:4,0
DA:5,0
DA:6,0
DA:7,0
DA:10,1
DA:63,0
LF:8
LH:2
BRF:0
BRH:0
end_of_record
