TN:
SF:src\config.js
FNF:0
FNH:0
DA:1,2
LF:1
LH:1
BRF:0
BRH:0
end_of_record
TN:
SF:src\Controller\Recetas.diagnostico.js
FN:182,(anonymous_0)
FN:185,(anonymous_1)
FN:188,(anonymous_2)
FN:193,(anonymous_3)
FN:194,(anonymous_4)
FN:202,(anonymous_5)
FN:203,(anonymous_6)
FN:207,(anonymous_7)
FN:215,(anonymous_8)
FN:216,(anonymous_9)
FN:224,(anonymous_10)
FN:227,(anonymous_11)
FN:228,(anonymous_12)
FN:234,(anonymous_13)
FN:242,(anonymous_14)
FN:250,(anonymous_15)
FN:302,(anonymous_16)
FNF:17
FNH:17
FNDA:104,(anonymous_0)
FNDA:7,(anonymous_1)
FNDA:8,(anonymous_2)
FNDA:8,(anonymous_3)
FNDA:11,(anonymous_4)
FNDA:7,(anonymous_5)
FNDA:24,(anonymous_6)
FNDA:9,(anonymous_7)
FNDA:7,(anonymous_8)
FNDA:3,(anonymous_9)
FNDA:7,(anonymous_10)
FNDA:8,(anonymous_11)
FNDA:33,(anonymous_12)
FNDA:4,(anonymous_13)
FNDA:6,(anonymous_14)
FNDA:10,(anonymous_15)
FNDA:20,(anonymous_16)
DA:4,1
DA:182,104
DA:185,7
DA:188,1
DA:189,8
DA:190,1
DA:193,7
DA:194,11
DA:198,7
DA:202,1
DA:203,7
DA:204,24
DA:207,7
DA:208,9
DA:211,7
DA:215,1
DA:216,7
DA:217,3
DA:220,7
DA:224,7
DA:227,1
DA:228,8
DA:229,33
DA:234,1
DA:235,4
DA:242,1
DA:243,6
DA:250,1
DA:251,10
DA:252,10
DA:253,10
DA:255,9
DA:256,1
DA:259,8
DA:262,8
DA:263,8
DA:266,8
DA:267,8
DA:268,8
DA:271,8
DA:273,8
DA:274,1
DA:275,1
DA:278,7
DA:281,7
DA:282,7
DA:284,7
DA:285,7
DA:288,7
DA:289,7
DA:292,7
DA:293,1
DA:299,6
DA:302,20
DA:307,1
DA:308,1
LF:56
LH:56
BRDA:189,0,0,1
BRDA:189,0,1,7
BRDA:255,1,0,1
BRDA:255,1,1,8
BRDA:263,2,0,7
BRDA:263,2,1,1
BRDA:273,3,0,1
BRDA:273,3,1,7
BRDA:292,4,0,1
BRDA:292,4,1,6
BRF:10
BRH:10
end_of_record
TN:
SF:src\Controller\doctor.controller.js
FN:8,(anonymous_0)
FN:40,(anonymous_1)
FN:72,(anonymous_2)
FN:81,(anonymous_3)
FN:96,(anonymous_4)
FN:110,(anonymous_5)
FN:120,(anonymous_6)
FN:144,(anonymous_7)
FN:160,(anonymous_8)
FN:169,(anonymous_9)
FN:178,(anonymous_10)
FNF:11
FNH:11
FNDA:2,(anonymous_0)
FNDA:3,(anonymous_1)
FNDA:1,(anonymous_2)
FNDA:3,(anonymous_3)
FNDA:3,(anonymous_4)
FNDA:2,(anonymous_5)
FNDA:3,(anonymous_6)
FNDA:3,(anonymous_7)
FNDA:2,(anonymous_8)
FNDA:4,(anonymous_9)
FNDA:3,(anonymous_10)
DA:8,1
DA:10,2
DA:12,2
DA:14,2
DA:15,2
DA:16,1
DA:19,1
DA:20,1
DA:22,1
DA:23,1
DA:28,1
DA:29,1
DA:34,0
DA:40,1
DA:43,3
DA:44,3
DA:45,3
DA:46,3
DA:47,1
DA:49,2
DA:50,2
DA:51,1
DA:53,1
DA:60,1
DA:61,1
DA:66,0
DA:72,1
DA:73,1
DA:76,1
DA:81,1
DA:82,3
DA:83,3
DA:84,3
DA:85,2
DA:86,1
DA:88,1
DA:90,1
DA:96,1
DA:97,3
DA:98,3
DA:99,3
DA:100,2
DA:101,1
DA:103,1
DA:105,1
DA:110,1
DA:111,2
DA:112,2
DA:113,1
DA:115,1
DA:120,1
DA:121,3
DA:122,3
DA:123,3
DA:130,3
DA:132,3
DA:133,2
DA:134,1
DA:136,1
DA:138,1
DA:144,1
DA:145,3
DA:146,3
DA:147,3
DA:148,2
DA:149,1
DA:151,1
DA:152,1
DA:154,1
DA:160,1
DA:161,2
DA:162,2
DA:163,1
DA:169,1
DA:170,4
DA:172,4
DA:174,4
DA:176,4
DA:178,3
DA:180,3
DA:182,2
DA:184,2
DA:186,1
LF:83
LH:81
BRDA:15,0,0,1
BRDA:15,0,1,1
BRDA:46,1,0,1
BRDA:46,1,1,2
BRDA:50,2,0,1
BRDA:50,2,1,1
BRDA:85,3,0,1
BRDA:85,3,1,1
BRDA:100,4,0,1
BRDA:100,4,1,1
BRDA:133,5,0,1
BRDA:133,5,1,1
BRDA:148,6,0,1
BRDA:148,6,1,1
BRDA:162,7,0,1
BRDA:162,7,1,1
BRDA:176,8,0,1
BRDA:176,8,1,3
BRDA:180,9,0,1
BRDA:180,9,1,2
BRDA:184,10,0,1
BRDA:184,10,1,1
BRF:22
BRH:22
end_of_record
TN:
SF:src\Controller\reglas.diagnostico.js
FN:340,(anonymous_0)
FN:375,(anonymous_1)
FNF:2
FNH:2
FNDA:5,(anonymous_0)
FNDA:7,(anonymous_1)
DA:6,1
DA:340,1
DA:341,5
DA:346,5
DA:347,150
DA:350,150
DA:351,570
DA:352,78
DA:357,150
DA:358,750
DA:359,474
DA:364,150
DA:365,8
DA:372,5
DA:375,1
DA:376,7
DA:377,7
DA:380,7
DA:381,0
DA:382,0
DA:385,7
DA:386,6
DA:388,5
DA:397,5
DA:399,5
DA:401,5
DA:404,5
DA:406,4
DA:409,3
DA:410,3
LF:30
LH:28
BRDA:351,0,0,78
BRDA:351,0,1,492
BRDA:358,1,0,474
BRDA:358,1,1,276
BRDA:364,2,0,8
BRDA:364,2,1,142
BRDA:380,3,0,0
BRDA:380,3,1,7
BRF:8
BRH:7
end_of_record
TN:
SF:src\Controller\signos_vitales.controller.js
FN:5,(anonymous_0)
FN:28,(anonymous_1)
FN:55,getSignosVitalesIdDiagnostico
FN:64,getSignosVitalesId
FN:75,getSignosVitales
FNF:5
FNH:5
FNDA:4,(anonymous_0)
FNDA:7,(anonymous_1)
FNDA:3,getSignosVitalesIdDiagnostico
FNDA:3,getSignosVitalesId
FNDA:3,getSignosVitales
DA:5,2
DA:6,4
DA:7,4
DA:16,4
DA:17,4
DA:18,3
DA:20,1
DA:21,1
DA:28,2
DA:29,7
DA:31,7
DA:32,7
DA:33,7
DA:34,7
DA:35,7
DA:36,7
DA:39,7
DA:45,6
DA:46,5
DA:48,1
DA:51,1
DA:56,3
DA:57,3
DA:58,2
DA:60,1
DA:65,3
DA:66,3
DA:67,2
DA:69,1
DA:76,3
DA:77,3
DA:78,2
DA:80,1
LF:33
LH:33
BRDA:9,0,0,4
BRDA:9,0,1,1
BRDA:10,1,0,4
BRDA:10,1,1,3
BRDA:11,2,0,4
BRDA:11,2,1,3
BRDA:12,3,0,4
BRDA:12,3,1,3
BRDA:13,4,0,4
BRDA:13,4,1,3
BRDA:32,5,0,6
BRDA:32,5,1,1
BRDA:33,6,0,3
BRDA:33,6,1,4
BRDA:34,7,0,2
BRDA:34,7,1,5
BRDA:35,8,0,2
BRDA:35,8,1,5
BRDA:36,9,0,1
BRDA:36,9,1,6
BRDA:45,10,0,5
BRDA:45,10,1,1
BRF:22
BRH:22
end_of_record
TN:
SF:src\Controller\user.controller.js
FN:7,(anonymous_0)
FN:32,(anonymous_1)
FN:42,(anonymous_2)
FN:52,(anonymous_3)
FN:94,(anonymous_4)
FN:119,(anonymous_5)
FN:140,(anonymous_6)
FN:151,(anonymous_7)
FN:167,(anonymous_8)
FN:183,(anonymous_9)
FN:197,(anonymous_10)
FN:206,(anonymous_11)
FNF:12
FNH:10
FNDA:3,(anonymous_0)
FNDA:2,(anonymous_1)
FNDA:2,(anonymous_2)
FNDA:6,(anonymous_3)
FNDA:3,(anonymous_4)
FNDA:3,(anonymous_5)
FNDA:2,(anonymous_6)
FNDA:2,(anonymous_7)
FNDA:2,(anonymous_8)
FNDA:2,(anonymous_9)
FNDA:0,(anonymous_10)
FNDA:0,(anonymous_11)
DA:7,4
DA:8,3
DA:9,3
DA:10,3
DA:24,3
DA:25,2
DA:27,1
DA:32,4
DA:33,2
DA:34,2
DA:35,1
DA:37,1
DA:42,4
DA:43,2
DA:44,2
DA:45,1
DA:47,1
DA:52,4
DA:53,6
DA:54,6
DA:55,6
DA:58,6
DA:59,4
DA:60,4
DA:61,1
DA:66,5
DA:67,3
DA:68,3
DA:69,1
DA:74,4
DA:75,3
DA:78,4
DA:79,3
DA:82,4
DA:83,4
DA:84,1
DA:86,3
DA:88,0
DA:89,0
DA:94,4
DA:95,3
DA:96,3
DA:97,3
DA:100,3
DA:101,3
DA:104,3
DA:105,2
DA:108,3
DA:109,3
DA:110,1
DA:112,2
DA:114,0
DA:119,4
DA:120,3
DA:121,3
DA:122,3
DA:125,3
DA:126,3
DA:129,3
DA:130,3
DA:131,1
DA:133,2
DA:135,0
DA:140,4
DA:141,2
DA:142,2
DA:143,2
DA:144,1
DA:146,1
DA:151,4
DA:152,2
DA:153,2
DA:154,2
DA:156,2
DA:157,1
DA:159,1
DA:162,1
DA:167,4
DA:168,2
DA:169,2
DA:170,2
DA:172,2
DA:173,1
DA:175,1
DA:178,1
DA:183,4
DA:184,2
DA:185,2
DA:186,2
DA:187,2
DA:188,1
DA:190,1
DA:192,0
DA:197,4
DA:198,0
DA:199,0
DA:201,0
DA:203,0
DA:204,0
DA:206,0
DA:207,0
DA:208,0
DA:216,0
DA:218,0
LF:104
LH:89
BRDA:19,0,0,1
BRDA:19,0,1,2
BRDA:20,1,0,1
BRDA:20,1,1,2
BRDA:21,2,0,3
BRDA:21,2,1,2
BRDA:22,3,0,3
BRDA:22,3,1,2
BRDA:58,4,0,4
BRDA:58,4,1,2
BRDA:60,5,0,1
BRDA:60,5,1,3
BRDA:60,6,0,4
BRDA:60,6,1,2
BRDA:66,7,0,3
BRDA:66,7,1,2
BRDA:68,8,0,1
BRDA:68,8,1,2
BRDA:68,9,0,3
BRDA:68,9,1,2
BRDA:74,10,0,3
BRDA:74,10,1,1
BRDA:75,11,0,1
BRDA:75,11,1,2
BRDA:78,12,0,3
BRDA:78,12,1,1
BRDA:79,13,0,1
BRDA:79,13,1,2
BRDA:83,14,0,1
BRDA:83,14,1,3
BRDA:100,15,0,3
BRDA:100,15,1,0
BRDA:101,16,0,2
BRDA:101,16,1,1
BRDA:104,17,0,2
BRDA:104,17,1,1
BRDA:105,18,0,1
BRDA:105,18,1,1
BRDA:109,19,0,1
BRDA:109,19,1,2
BRDA:125,20,0,3
BRDA:125,20,1,0
BRDA:126,21,0,2
BRDA:126,21,1,1
BRDA:130,22,0,1
BRDA:130,22,1,2
BRDA:156,23,0,1
BRDA:156,23,1,1
BRDA:172,24,0,1
BRDA:172,24,1,1
BRDA:187,25,0,1
BRDA:187,25,1,1
BRDA:209,26,0,0
BRDA:209,26,1,0
BRDA:209,26,2,0
BRDA:209,26,3,0
BRF:56
BRH:50
end_of_record
TN:
SF:src\Model\doctor.user.js
FNF:0
FNH:0
DA:3,1
LF:1
LH:1
BRF:0
BRH:0
end_of_record
TN:
SF:src\Model\signos_vitales.model.js
FNF:0
FNH:0
DA:4,2
LF:1
LH:1
BRF:0
BRH:0
end_of_record
TN:
SF:src\Model\user.model.js
FN:2,(anonymous_0)
FN:63,(anonymous_1)
FNF:2
FNH:0
FNDA:0,(anonymous_0)
FNDA:0,(anonymous_1)
DA:2,4
DA:3,0
DA:4,0
DA:5,0
DA:6,0
DA:7,0
DA:10,4
DA:63,0
LF:8
LH:2
BRF:0
BRH:0
end_of_record
TN:
SF:src\libs\jwt.js
FN:3,createAcessToken
FN:4,(anonymous_1)
FN:11,(anonymous_2)
FNF:3
FNH:0
FNDA:0,createAcessToken
FNDA:0,(anonymous_1)
FNDA:0,(anonymous_2)
DA:4,0
DA:5,0
DA:12,0
DA:13,0
DA:15,0
LF:5
LH:0
BRDA:12,0,0,0
BRDA:12,0,1,0
BRF:2
BRH:0
end_of_record
